This file contains any messages produced by compilers while
running configure, to aid debugging if configure makes a mistake.

It was created by configure, which was
generated by GNU Autoconf 2.69.  Invocation command line was

  $ ./configure --target=pentium-windows --enable-sb16 --enable-ne2000 --enable-all-optimizations --enable-cpu-level=6 --enable-x86-64 --enable-vmx=2 --enable-pci --enable-clgd54xx --enable-voodoo --enable-usb --enable-usb-ohci --enable-usb-ehci --enable-usb-xhci --enable-busmouse --enable-es1370 --enable-e1000 --enable-show-ips --disable-readline --without-x --with-win32 --with-rfb --with-nogui

## --------- ##
## Platform. ##
## --------- ##

hostname = Volker-Laptop
uname -m = i686
uname -r = 3.0.7(0.338/5/3)
uname -s = CYGWIN_NT-6.1-WOW
uname -v = 2019-04-30 18:04

/usr/bin/uname -p = unknown
/bin/uname -X     = unknown

/bin/arch              = i686
/usr/bin/arch -k       = unknown
/usr/convex/getsysinfo = unknown
/usr/bin/hostinfo      = unknown
/bin/machine           = unknown
/usr/bin/oslevel       = unknown
/bin/universe          = unknown

PATH: /usr/local/bin
PATH: /usr/bin
PATH: /cygdrive/c/WATCOM/BINNT64
PATH: /cygdrive/c/WATCOM/BINNT
PATH: /cygdrive/c/ProgramData/Oracle/Java/javapath
PATH: /cygdrive/c/Windows/system32
PATH: /cygdrive/c/Windows
PATH: /cygdrive/c/Windows/System32/Wbem
PATH: /cygdrive/c/Windows/System32/WindowsPowerShell/v1.0
PATH: /cygdrive/c/Program Files (x86)/Microsoft SQL Server/90/Tools/binn
PATH: /cygdrive/c/Program Files/TortoiseSVN/bin
PATH: /cygdrive/c/Program Files/Microsoft SQL Server/110/Tools/Binn
PATH: /cygdrive/c/Program Files (x86)/Samsung/Samsung PC Studio 3
PATH: /cygdrive/c/Program Files/CMake/bin
PATH: /cygdrive/c/WATCOM/BINNT
PATH: /cygdrive/c/WATCOM/BINW


## ----------- ##
## Core tests. ##
## ----------- ##

configure:3234: checking build system type
configure:3248: result: i686-pc-cygwin
configure:3268: checking host system type
configure:3281: result: i686-pc-cygwin
configure:3301: checking target system type
configure:3314: result: i586-pc-windows
configure:3341: checking if you are configuring for another platform
configure:3344: result: yes
configure:3413: checking for standard CFLAGS on this platform
configure:3415: result: 
configure:3485: checking for gcc
configure:3501: found /usr/bin/gcc
configure:3512: result: gcc
configure:3741: checking for C compiler version
configure:3750: gcc --version >&5
gcc (GCC) 7.4.0
Copyright (C) 2017 Free Software Foundation, Inc.
This is free software; see the source for copying conditions.  There is NO
warranty; not even for MERCHANTABILITY or FITNESS FOR A PARTICULAR PURPOSE.

configure:3761: $? = 0
configure:3750: gcc -v >&5
Using built-in specs.
COLLECT_GCC=gcc
COLLECT_LTO_WRAPPER=/usr/lib/gcc/i686-pc-cygwin/7.4.0/lto-wrapper.exe
Target: i686-pc-cygwin
Configured with: /cygdrive/i/szsz/tmpp/gcc/gcc-7.4.0-1.i686/src/gcc-7.4.0/configure --srcdir=/cygdrive/i/szsz/tmpp/gcc/gcc-7.4.0-1.i686/src/gcc-7.4.0 --prefix=/usr --exec-prefix=/usr --localstatedir=/var --sysconfdir=/etc --docdir=/usr/share/doc/gcc --htmldir=/usr/share/doc/gcc/html -C --build=i686-pc-cygwin --host=i686-pc-cygwin --target=i686-pc-cygwin --without-libiconv-prefix --without-libintl-prefix --libexecdir=/usr/lib --enable-shared --enable-shared-libgcc --enable-static --enable-version-specific-runtime-libs --enable-bootstrap --enable-__cxa_atexit --with-dwarf2 --with-arch=i686 --with-tune=generic --disable-sjlj-exceptions --enable-languages=ada,c,c++,fortran,lto,objc,obj-c++ --enable-graphite --enable-threads=posix --enable-libatomic --enable-libcilkrts --enable-libgomp --enable-libitm --enable-libquadmath --enable-libquadmath-support --disable-libssp --enable-libada --disable-symvers --with-gnu-ld --with-gnu-as --with-cloog-include=/usr/include/cloog-isl --without-libiconv-prefix --without-libintl-prefix --with-system-zlib --enable-linker-build-id --with-default-libstdcxx-abi=gcc4-compatible --enable-libstdcxx-filesystem-ts
Thread model: posix
gcc version 7.4.0 (GCC) 
configure:3761: $? = 0
configure:3750: gcc -V >&5
gcc: error: unrecognized command line option '-V'
gcc: fatal error: no input files
compilation terminated.
configure:3761: $? = 1
configure:3750: gcc -qversion >&5
gcc: error: unrecognized command line option '-qversion'; did you mean '--version'?
gcc: fatal error: no input files
compilation terminated.
configure:3761: $? = 1
configure:3781: checking whether the C compiler works
configure:3803: gcc    conftest.c  >&5
configure:3807: $? = 0
configure:3855: result: yes
configure:3858: checking for C compiler default output file name
configure:3860: result: a.exe
configure:3866: checking for suffix of executables
configure:3873: gcc -o conftest.exe    conftest.c  >&5
configure:3877: $? = 0
configure:3899: result: .exe
configure:3921: checking whether we are cross compiling
configure:3929: gcc -o conftest.exe    conftest.c  >&5
configure:3933: $? = 0
configure:3940: ./conftest.exe
configure:3944: $? = 0
configure:3959: result: no
configure:3964: checking for suffix of object files
configure:3986: gcc -c   conftest.c >&5
configure:3990: $? = 0
configure:4011: result: o
configure:4015: checking whether we are using the GNU C compiler
configure:4034: gcc -c   conftest.c >&5
configure:4034: $? = 0
configure:4043: result: yes
configure:4052: checking whether gcc accepts -g
configure:4072: gcc -c -g  conftest.c >&5
configure:4072: $? = 0
configure:4113: result: yes
configure:4130: checking for gcc option to accept ISO C89
configure:4193: gcc  -c -g -O2  conftest.c >&5
configure:4193: $? = 0
configure:4206: result: none needed
configure:4284: checking for g++
configure:4300: found /usr/bin/g++
configure:4311: result: g++
configure:4338: checking for C++ compiler version
configure:4347: g++ --version >&5
g++ (GCC) 7.4.0
Copyright (C) 2017 Free Software Foundation, Inc.
This is free software; see the source for copying conditions.  There is NO
warranty; not even for MERCHANTABILITY or FITNESS FOR A PARTICULAR PURPOSE.

configure:4358: $? = 0
configure:4347: g++ -v >&5
Using built-in specs.
COLLECT_GCC=g++
COLLECT_LTO_WRAPPER=/usr/lib/gcc/i686-pc-cygwin/7.4.0/lto-wrapper.exe
Target: i686-pc-cygwin
Configured with: /cygdrive/i/szsz/tmpp/gcc/gcc-7.4.0-1.i686/src/gcc-7.4.0/configure --srcdir=/cygdrive/i/szsz/tmpp/gcc/gcc-7.4.0-1.i686/src/gcc-7.4.0 --prefix=/usr --exec-prefix=/usr --localstatedir=/var --sysconfdir=/etc --docdir=/usr/share/doc/gcc --htmldir=/usr/share/doc/gcc/html -C --build=i686-pc-cygwin --host=i686-pc-cygwin --target=i686-pc-cygwin --without-libiconv-prefix --without-libintl-prefix --libexecdir=/usr/lib --enable-shared --enable-shared-libgcc --enable-static --enable-version-specific-runtime-libs --enable-bootstrap --enable-__cxa_atexit --with-dwarf2 --with-arch=i686 --with-tune=generic --disable-sjlj-exceptions --enable-languages=ada,c,c++,fortran,lto,objc,obj-c++ --enable-graphite --enable-threads=posix --enable-libatomic --enable-libcilkrts --enable-libgomp --enable-libitm --enable-libquadmath --enable-libquadmath-support --disable-libssp --enable-libada --disable-symvers --with-gnu-ld --with-gnu-as --with-cloog-include=/usr/include/cloog-isl --without-libiconv-prefix --without-libintl-prefix --with-system-zlib --enable-linker-build-id --with-default-libstdcxx-abi=gcc4-compatible --enable-libstdcxx-filesystem-ts
Thread model: posix
gcc version 7.4.0 (GCC) 
configure:4358: $? = 0
configure:4347: g++ -V >&5
g++: error: unrecognized command line option '-V'
g++: fatal error: no input files
compilation terminated.
configure:4358: $? = 1
configure:4347: g++ -qversion >&5
g++: error: unrecognized command line option '-qversion'; did you mean '--version'?
g++: fatal error: no input files
compilation terminated.
configure:4358: $? = 1
configure:4362: checking whether we are using the GNU C++ compiler
configure:4381: g++ -c   conftest.cpp >&5
configure:4381: $? = 0
configure:4390: result: yes
configure:4399: checking whether g++ accepts -g
configure:4419: g++ -c -g  conftest.cpp >&5
configure:4419: $? = 0
configure:4460: result: yes
configure:4483: checking whether make sets $(MAKE)
configure:4505: result: yes
configure:19467: checking for pkg-config
configure:19485: found /usr/bin/pkg-config
configure:19498: result: /usr/bin/pkg-config
configure:20192: checking whether byte ordering is bigendian
configure:20207: gcc -c -g -O2  conftest.c >&5
conftest.c:10:9: error: unknown type name 'not'
         not a universal capable compiler
         ^~~
conftest.c:10:15: error: expected '=', ',', ';', 'asm' or '__attribute__' before 'universal'
         not a universal capable compiler
               ^~~~~~~~~
conftest.c:10:15: error: unknown type name 'universal'
configure:20207: $? = 1
configure: failed program was:
| /* confdefs.h */
| #define PACKAGE_NAME ""
| #define PACKAGE_TARNAME ""
| #define PACKAGE_VERSION ""
| #define PACKAGE_STRING ""
| #define PACKAGE_BUGREPORT ""
| #define PACKAGE_URL ""
| /* end confdefs.h.  */
| #ifndef __APPLE_CC__
| 	       not a universal capable compiler
| 	     #endif
| 	     typedef int dummy;
| 
configure:20252: gcc -c -g -O2  conftest.c >&5
configure:20252: $? = 0
configure:20270: gcc -c -g -O2  conftest.c >&5
conftest.c: In function 'main':
conftest.c:16:4: error: unknown type name 'not'; did you mean 'ino_t'?
    not big endian
    ^~~
    ino_t
conftest.c:16:12: error: expected '=', ',', ';', 'asm' or '__attribute__' before 'endian'
    not big endian
            ^~~~~~
configure:20270: $? = 1
configure: failed program was:
| /* confdefs.h */
| #define PACKAGE_NAME ""
| #define PACKAGE_TARNAME ""
| #define PACKAGE_VERSION ""
| #define PACKAGE_STRING ""
| #define PACKAGE_BUGREPORT ""
| #define PACKAGE_URL ""
| /* end confdefs.h.  */
| #include <sys/types.h>
| 		#include <sys/param.h>
| 
| int
| main ()
| {
| #if BYTE_ORDER != BIG_ENDIAN
| 		 not big endian
| 		#endif
| 
|   ;
|   return 0;
| }
configure:20398: result: no
configure:20420: checking size of unsigned char
configure:20425: gcc -o conftest.exe -g -O2   conftest.c  >&5
configure:20425: $? = 0
configure:20425: ./conftest.exe
configure:20425: $? = 0
configure:20439: result: 1
configure:20453: checking size of unsigned short
configure:20458: gcc -o conftest.exe -g -O2   conftest.c  >&5
configure:20458: $? = 0
configure:20458: ./conftest.exe
configure:20458: $? = 0
configure:20472: result: 2
configure:20486: checking size of unsigned int
configure:20491: gcc -o conftest.exe -g -O2   conftest.c  >&5
configure:20491: $? = 0
configure:20491: ./conftest.exe
configure:20491: $? = 0
configure:20505: result: 4
configure:20519: checking size of unsigned long
configure:20524: gcc -o conftest.exe -g -O2   conftest.c  >&5
configure:20524: $? = 0
configure:20524: ./conftest.exe
configure:20524: $? = 0
configure:20538: result: 4
configure:20552: checking size of unsigned long long
configure:20557: gcc -o conftest.exe -g -O2   conftest.c  >&5
configure:20557: $? = 0
configure:20557: ./conftest.exe
configure:20557: $? = 0
configure:20571: result: 8
configure:20618: checking for getenv
configure:20618: gcc -o conftest.exe -g -O2   conftest.c  >&5
configure:20618: $? = 0
configure:20618: result: yes
configure:20630: checking for setenv
configure:20630: gcc -o conftest.exe -g -O2   conftest.c  >&5
configure:20630: $? = 0
configure:20630: result: yes
configure:20642: checking for snprintf
configure:20642: gcc -o conftest.exe -g -O2   conftest.c  >&5
conftest.c:41:6: warning: conflicting types for built-in function 'snprintf' [-Wbuiltin-declaration-mismatch]
 char snprintf ();
      ^~~~~~~~
configure:20642: $? = 0
configure:20642: result: yes
configure:20654: checking for vsnprintf
configure:20654: gcc -o conftest.exe -g -O2   conftest.c  >&5
conftest.c:43:6: warning: conflicting types for built-in function 'vsnprintf' [-Wbuiltin-declaration-mismatch]
 char vsnprintf ();
      ^~~~~~~~~
configure:20654: $? = 0
configure:20654: result: yes
configure:20956: checking for sleep
configure:20956: gcc -o conftest.exe -g -O2   conftest.c  >&5
conftest.c:39:0: warning: "BX_HAVE_SETENV" redefined
 #define BX_HAVE_SETENV 0
 
conftest.c:16:0: note: this is the location of the previous definition
 #define BX_HAVE_SETENV 1
 
configure:20956: $? = 0
configure:20956: result: yes
configure:20968: checking for nanosleep
configure:20968: gcc -o conftest.exe -g -O2   conftest.c  >&5
conftest.c:39:0: warning: "BX_HAVE_SETENV" redefined
 #define BX_HAVE_SETENV 0
 
conftest.c:16:0: note: this is the location of the previous definition
 #define BX_HAVE_SETENV 1
 
configure:20968: $? = 0
configure:20968: result: yes
configure:20980: checking for abort
configure:20980: gcc -o conftest.exe -g -O2   conftest.c  >&5
conftest.c:39:0: warning: "BX_HAVE_SETENV" redefined
 #define BX_HAVE_SETENV 0
 
conftest.c:16:0: note: this is the location of the previous definition
 #define BX_HAVE_SETENV 1
 
conftest.c:69:6: warning: conflicting types for built-in function 'abort' [-Wbuiltin-declaration-mismatch]
 char abort ();
      ^~~~~
configure:20980: $? = 0
configure:20980: result: yes
configure:20990: checking for struct sockaddr_in.sin_len
configure:20990: gcc -c -g -O2  conftest.c >&5
conftest.c:39:0: warning: "BX_HAVE_SETENV" redefined
 #define BX_HAVE_SETENV 0
 
conftest.c:16:0: note: this is the location of the previous definition
 #define BX_HAVE_SETENV 1
 
conftest.c: In function 'main':
conftest.c:55:13: error: 'struct sockaddr_in' has no member named 'sin_len'; did you mean 'sin_port'?
 if (ac_aggr.sin_len)
             ^~~~~~~
             sin_port
configure:20990: $? = 1
configure: failed program was:
| /* confdefs.h */
| #define PACKAGE_NAME ""
| #define PACKAGE_TARNAME ""
| #define PACKAGE_VERSION ""
| #define PACKAGE_STRING ""
| #define PACKAGE_BUGREPORT ""
| #define PACKAGE_URL ""
| #define SIZEOF_UNSIGNED_CHAR 1
| #define SIZEOF_UNSIGNED_SHORT 2
| #define SIZEOF_UNSIGNED_INT 4
| #define SIZEOF_UNSIGNED_LONG 4
| #define SIZEOF_UNSIGNED_LONG_LONG 8
| #define HAVE_GETENV 1
| #define BX_HAVE_GETENV 1
| #define HAVE_SETENV 1
| #define BX_HAVE_SETENV 1
| #define HAVE_SNPRINTF 1
| #define BX_HAVE_SNPRINTF 1
| #define HAVE_VSNPRINTF 1
| #define BX_HAVE_VSNPRINTF 1
| #define BX_HAVE_SELECT 1
| #define BX_HAVE_SOCKLEN_T 0
| #define BX_HAVE_STRTOULL 1
| #define BX_HAVE_STRTOUQ 0
| #define BX_HAVE_STRDUP 1
| #define BX_HAVE_STRREV 1
| #define BX_HAVE_STRICMP 1
| #define BX_HAVE_STRCASECMP 0
| #define BX_HAVE_MKSTEMP 0
| #define BX_HAVE_SYS_MMAN_H 0
| #define BX_HAVE_GETTIMEOFDAY 0
| #define BX_HAVE_USLEEP 0
| #define BX_HAVE___BUILTIN_BSWAP32 0
| #define BX_HAVE___BUILTIN_BSWAP64 0
| #define BX_HAVE_TMPFILE64 0
| #define BX_HAVE_FSEEK64 0
| #define BX_HAVE_FSEEKO64 0
| #define BX_HAVE_SSIZE_T 0
| #define BX_HAVE_SETENV 0
| #define SIZEOF_INT_P 4
| #define HAVE_SLEEP 1
| #define BX_HAVE_SLEEP 1
| #define HAVE_NANOSLEEP 1
| #define BX_HAVE_NANOSLEEP 1
| #define HAVE_ABORT 1
| #define BX_HAVE_ABORT 1
| /* end confdefs.h.  */
| #include <sys/socket.h>
| #include <netinet/in.h>
| 
| int
| main ()
| {
| static struct sockaddr_in ac_aggr;
| if (ac_aggr.sin_len)
| return 0;
|   ;
|   return 0;
| }
configure:20990: gcc -c -g -O2  conftest.c >&5
conftest.c:39:0: warning: "BX_HAVE_SETENV" redefined
 #define BX_HAVE_SETENV 0
 
conftest.c:16:0: note: this is the location of the previous definition
 #define BX_HAVE_SETENV 1
 
conftest.c: In function 'main':
conftest.c:55:20: error: 'struct sockaddr_in' has no member named 'sin_len'; did you mean 'sin_port'?
 if (sizeof ac_aggr.sin_len)
                    ^~~~~~~
                    sin_port
configure:20990: $? = 1
configure: failed program was:
| /* confdefs.h */
| #define PACKAGE_NAME ""
| #define PACKAGE_TARNAME ""
| #define PACKAGE_VERSION ""
| #define PACKAGE_STRING ""
| #define PACKAGE_BUGREPORT ""
| #define PACKAGE_URL ""
| #define SIZEOF_UNSIGNED_CHAR 1
| #define SIZEOF_UNSIGNED_SHORT 2
| #define SIZEOF_UNSIGNED_INT 4
| #define SIZEOF_UNSIGNED_LONG 4
| #define SIZEOF_UNSIGNED_LONG_LONG 8
| #define HAVE_GETENV 1
| #define BX_HAVE_GETENV 1
| #define HAVE_SETENV 1
| #define BX_HAVE_SETENV 1
| #define HAVE_SNPRINTF 1
| #define BX_HAVE_SNPRINTF 1
| #define HAVE_VSNPRINTF 1
| #define BX_HAVE_VSNPRINTF 1
| #define BX_HAVE_SELECT 1
| #define BX_HAVE_SOCKLEN_T 0
| #define BX_HAVE_STRTOULL 1
| #define BX_HAVE_STRTOUQ 0
| #define BX_HAVE_STRDUP 1
| #define BX_HAVE_STRREV 1
| #define BX_HAVE_STRICMP 1
| #define BX_HAVE_STRCASECMP 0
| #define BX_HAVE_MKSTEMP 0
| #define BX_HAVE_SYS_MMAN_H 0
| #define BX_HAVE_GETTIMEOFDAY 0
| #define BX_HAVE_USLEEP 0
| #define BX_HAVE___BUILTIN_BSWAP32 0
| #define BX_HAVE___BUILTIN_BSWAP64 0
| #define BX_HAVE_TMPFILE64 0
| #define BX_HAVE_FSEEK64 0
| #define BX_HAVE_FSEEKO64 0
| #define BX_HAVE_SSIZE_T 0
| #define BX_HAVE_SETENV 0
| #define SIZEOF_INT_P 4
| #define HAVE_SLEEP 1
| #define BX_HAVE_SLEEP 1
| #define HAVE_NANOSLEEP 1
| #define BX_HAVE_NANOSLEEP 1
| #define HAVE_ABORT 1
| #define BX_HAVE_ABORT 1
| /* end confdefs.h.  */
| #include <sys/socket.h>
| #include <netinet/in.h>
| 
| int
| main ()
| {
| static struct sockaddr_in ac_aggr;
| if (sizeof ac_aggr.sin_len)
| return 0;
|   ;
|   return 0;
| }
configure:20990: result: no
configure:21000: checking for timelocal
configure:21000: gcc -o conftest.exe -g -O2   conftest.c  >&5
conftest.c:39:0: warning: "BX_HAVE_SETENV" redefined
 #define BX_HAVE_SETENV 0
 
conftest.c:16:0: note: this is the location of the previous definition
 #define BX_HAVE_SETENV 1
 
configure:21000: $? = 0
configure:21000: result: yes
configure:21012: checking for gmtime
configure:21012: gcc -o conftest.exe -g -O2   conftest.c  >&5
conftest.c:39:0: warning: "BX_HAVE_SETENV" redefined
 #define BX_HAVE_SETENV 0
 
conftest.c:16:0: note: this is the location of the previous definition
 #define BX_HAVE_SETENV 1
 
configure:21012: $? = 0
configure:21012: result: yes
configure:21024: checking for mktime
configure:21024: gcc -o conftest.exe -g -O2   conftest.c  >&5
conftest.c:39:0: warning: "BX_HAVE_SETENV" redefined
 #define BX_HAVE_SETENV 0
 
conftest.c:16:0: note: this is the location of the previous definition
 #define BX_HAVE_SETENV 1
 
configure:21024: $? = 0
configure:21024: result: yes
configure:21043: checking for _FILE_OFFSET_BITS value needed for large files
configure:21064: gcc -c -g -O2  conftest.c >&5
conftest.c:39:0: warning: "BX_HAVE_SETENV" redefined
 #define BX_HAVE_SETENV 0
 
conftest.c:16:0: note: this is the location of the previous definition
 #define BX_HAVE_SETENV 1
 
configure:21064: $? = 0
configure:21073: result: 64
configure:21129: checking if large file support is available
configure:21135: result: yes
configure:21154: checking if compiler allows __attribute__
configure:21167: gcc -c -g -O2 -D_FILE_OFFSET_BITS=64 -D_LARGE_FILES  -D_FILE_OFFSET_BITS=64 -D_LARGE_FILES conftest.c >&5
conftest.c:39:0: warning: "BX_HAVE_SETENV" redefined
 #define BX_HAVE_SETENV 0
 
conftest.c:16:0: note: this is the location of the previous definition
 #define BX_HAVE_SETENV 1
 
configure:21167: $? = 0
configure:21168: result: yes
configure:21187: checking for set
configure:21200: g++ -c -g -O2 -D_FILE_OFFSET_BITS=64 -D_LARGE_FILES  -D_FILE_OFFSET_BITS=64 -D_LARGE_FILES conftest.cpp >&5
conftest.cpp:39:0: warning: "BX_HAVE_SETENV" redefined
 #define BX_HAVE_SETENV 0
 
conftest.cpp:16:0: note: this is the location of the previous definition
 #define BX_HAVE_SETENV 1
 
configure:21200: $? = 0
configure:21202: result: yes
configure:21212: checking for set.h
configure:21225: g++ -c -g -O2 -D_FILE_OFFSET_BITS=64 -D_LARGE_FILES  -D_FILE_OFFSET_BITS=64 -D_LARGE_FILES conftest.cpp >&5
conftest.cpp:39:0: warning: "BX_HAVE_SETENV" redefined
 #define BX_HAVE_SETENV 0
 
conftest.cpp:16:0: note: this is the location of the previous definition
 #define BX_HAVE_SETENV 1
 
conftest.cpp:57:10: fatal error: set.h: No such file or directory
 #include <set.h>
          ^~~~~~~
compilation terminated.
configure:21225: $? = 1
configure: failed program was:
| /* confdefs.h */
| #define PACKAGE_NAME ""
| #define PACKAGE_TARNAME ""
| #define PACKAGE_VERSION ""
| #define PACKAGE_STRING ""
| #define PACKAGE_BUGREPORT ""
| #define PACKAGE_URL ""
| #define SIZEOF_UNSIGNED_CHAR 1
| #define SIZEOF_UNSIGNED_SHORT 2
| #define SIZEOF_UNSIGNED_INT 4
| #define SIZEOF_UNSIGNED_LONG 4
| #define SIZEOF_UNSIGNED_LONG_LONG 8
| #define HAVE_GETENV 1
| #define BX_HAVE_GETENV 1
| #define HAVE_SETENV 1
| #define BX_HAVE_SETENV 1
| #define HAVE_SNPRINTF 1
| #define BX_HAVE_SNPRINTF 1
| #define HAVE_VSNPRINTF 1
| #define BX_HAVE_VSNPRINTF 1
| #define BX_HAVE_SELECT 1
| #define BX_HAVE_SOCKLEN_T 0
| #define BX_HAVE_STRTOULL 1
| #define BX_HAVE_STRTOUQ 0
| #define BX_HAVE_STRDUP 1
| #define BX_HAVE_STRREV 1
| #define BX_HAVE_STRICMP 1
| #define BX_HAVE_STRCASECMP 0
| #define BX_HAVE_MKSTEMP 0
| #define BX_HAVE_SYS_MMAN_H 0
| #define BX_HAVE_GETTIMEOFDAY 0
| #define BX_HAVE_USLEEP 0
| #define BX_HAVE___BUILTIN_BSWAP32 0
| #define BX_HAVE___BUILTIN_BSWAP64 0
| #define BX_HAVE_TMPFILE64 0
| #define BX_HAVE_FSEEK64 0
| #define BX_HAVE_FSEEKO64 0
| #define BX_HAVE_SSIZE_T 0
| #define BX_HAVE_SETENV 0
| #define SIZEOF_INT_P 4
| #define HAVE_SLEEP 1
| #define BX_HAVE_SLEEP 1
| #define HAVE_NANOSLEEP 1
| #define BX_HAVE_NANOSLEEP 1
| #define HAVE_ABORT 1
| #define BX_HAVE_ABORT 1
| #define HAVE_TIMELOCAL 1
| #define BX_HAVE_TIMELOCAL 1
| #define HAVE_GMTIME 1
| #define BX_HAVE_GMTIME 1
| #define HAVE_MKTIME 1
| #define BX_HAVE_MKTIME 1
| #define _FILE_OFFSET_BITS 64
| #define HAVE_LARGEFILE_SUPPORT 1
| #define BX_HAVE_SET 1
| /* end confdefs.h.  */
| #include <set.h>
| int
| main ()
| {
| 
|   ;
|   return 0;
| }
configure:21233: result: no
configure:21237: checking for map
configure:21250: g++ -c -g -O2 -D_FILE_OFFSET_BITS=64 -D_LARGE_FILES  -D_FILE_OFFSET_BITS=64 -D_LARGE_FILES conftest.cpp >&5
conftest.cpp:39:0: warning: "BX_HAVE_SETENV" redefined
 #define BX_HAVE_SETENV 0
 
conftest.cpp:16:0: note: this is the location of the previous definition
 #define BX_HAVE_SETENV 1
 
configure:21250: $? = 0
configure:21252: result: yes
configure:21262: checking for map.h
configure:21275: g++ -c -g -O2 -D_FILE_OFFSET_BITS=64 -D_LARGE_FILES  -D_FILE_OFFSET_BITS=64 -D_LARGE_FILES conftest.cpp >&5
conftest.cpp:39:0: warning: "BX_HAVE_SETENV" redefined
 #define BX_HAVE_SETENV 0
 
conftest.cpp:16:0: note: this is the location of the previous definition
 #define BX_HAVE_SETENV 1
 
conftest.cpp:58:10: fatal error: map.h: No such file or directory
 #include <map.h>
          ^~~~~~~
compilation terminated.
configure:21275: $? = 1
configure: failed program was:
| /* confdefs.h */
| #define PACKAGE_NAME ""
| #define PACKAGE_TARNAME ""
| #define PACKAGE_VERSION ""
| #define PACKAGE_STRING ""
| #define PACKAGE_BUGREPORT ""
| #define PACKAGE_URL ""
| #define SIZEOF_UNSIGNED_CHAR 1
| #define SIZEOF_UNSIGNED_SHORT 2
| #define SIZEOF_UNSIGNED_INT 4
| #define SIZEOF_UNSIGNED_LONG 4
| #define SIZEOF_UNSIGNED_LONG_LONG 8
| #define HAVE_GETENV 1
| #define BX_HAVE_GETENV 1
| #define HAVE_SETENV 1
| #define BX_HAVE_SETENV 1
| #define HAVE_SNPRINTF 1
| #define BX_HAVE_SNPRINTF 1
| #define HAVE_VSNPRINTF 1
| #define BX_HAVE_VSNPRINTF 1
| #define BX_HAVE_SELECT 1
| #define BX_HAVE_SOCKLEN_T 0
| #define BX_HAVE_STRTOULL 1
| #define BX_HAVE_STRTOUQ 0
| #define BX_HAVE_STRDUP 1
| #define BX_HAVE_STRREV 1
| #define BX_HAVE_STRICMP 1
| #define BX_HAVE_STRCASECMP 0
| #define BX_HAVE_MKSTEMP 0
| #define BX_HAVE_SYS_MMAN_H 0
| #define BX_HAVE_GETTIMEOFDAY 0
| #define BX_HAVE_USLEEP 0
| #define BX_HAVE___BUILTIN_BSWAP32 0
| #define BX_HAVE___BUILTIN_BSWAP64 0
| #define BX_HAVE_TMPFILE64 0
| #define BX_HAVE_FSEEK64 0
| #define BX_HAVE_FSEEKO64 0
| #define BX_HAVE_SSIZE_T 0
| #define BX_HAVE_SETENV 0
| #define SIZEOF_INT_P 4
| #define HAVE_SLEEP 1
| #define BX_HAVE_SLEEP 1
| #define HAVE_NANOSLEEP 1
| #define BX_HAVE_NANOSLEEP 1
| #define HAVE_ABORT 1
| #define BX_HAVE_ABORT 1
| #define HAVE_TIMELOCAL 1
| #define BX_HAVE_TIMELOCAL 1
| #define HAVE_GMTIME 1
| #define BX_HAVE_GMTIME 1
| #define HAVE_MKTIME 1
| #define BX_HAVE_MKTIME 1
| #define _FILE_OFFSET_BITS 64
| #define HAVE_LARGEFILE_SUPPORT 1
| #define BX_HAVE_SET 1
| #define BX_HAVE_MAP 1
| /* end confdefs.h.  */
| #include <map.h>
| int
| main ()
| {
| 
|   ;
|   return 0;
| }
configure:21283: result: no
configure:21577: checking for idle hack
configure:21594: result: no
configure:21604: checking dlfcn.h usability
configure:21604: gcc -c -g -O2 -D_FILE_OFFSET_BITS=64 -D_LARGE_FILES  -D_FILE_OFFSET_BITS=64 -D_LARGE_FILES conftest.c >&5
conftest.c:39:0: warning: "BX_HAVE_SETENV" redefined
 #define BX_HAVE_SETENV 0
 
conftest.c:16:0: note: this is the location of the previous definition
 #define BX_HAVE_SETENV 1
 
configure:21604: $? = 0
configure:21604: result: yes
configure:21604: checking dlfcn.h presence
configure:21604:   -D_FILE_OFFSET_BITS=64 -D_LARGE_FILES conftest.c
./configure: line 2054: -D_FILE_OFFSET_BITS=64: command not found
configure:21604: $? = 127
configure: failed program was:
| /* confdefs.h */
| #define PACKAGE_NAME ""
| #define PACKAGE_TARNAME ""
| #define PACKAGE_VERSION ""
| #define PACKAGE_STRING ""
| #define PACKAGE_BUGREPORT ""
| #define PACKAGE_URL ""
| #define SIZEOF_UNSIGNED_CHAR 1
| #define SIZEOF_UNSIGNED_SHORT 2
| #define SIZEOF_UNSIGNED_INT 4
| #define SIZEOF_UNSIGNED_LONG 4
| #define SIZEOF_UNSIGNED_LONG_LONG 8
| #define HAVE_GETENV 1
| #define BX_HAVE_GETENV 1
| #define HAVE_SETENV 1
| #define BX_HAVE_SETENV 1
| #define HAVE_SNPRINTF 1
| #define BX_HAVE_SNPRINTF 1
| #define HAVE_VSNPRINTF 1
| #define BX_HAVE_VSNPRINTF 1
| #define BX_HAVE_SELECT 1
| #define BX_HAVE_SOCKLEN_T 0
| #define BX_HAVE_STRTOULL 1
| #define BX_HAVE_STRTOUQ 0
| #define BX_HAVE_STRDUP 1
| #define BX_HAVE_STRREV 1
| #define BX_HAVE_STRICMP 1
| #define BX_HAVE_STRCASECMP 0
| #define BX_HAVE_MKSTEMP 0
| #define BX_HAVE_SYS_MMAN_H 0
| #define BX_HAVE_GETTIMEOFDAY 0
| #define BX_HAVE_USLEEP 0
| #define BX_HAVE___BUILTIN_BSWAP32 0
| #define BX_HAVE___BUILTIN_BSWAP64 0
| #define BX_HAVE_TMPFILE64 0
| #define BX_HAVE_FSEEK64 0
| #define BX_HAVE_FSEEKO64 0
| #define BX_HAVE_SSIZE_T 0
| #define BX_HAVE_SETENV 0
| #define SIZEOF_INT_P 4
| #define HAVE_SLEEP 1
| #define BX_HAVE_SLEEP 1
| #define HAVE_NANOSLEEP 1
| #define BX_HAVE_NANOSLEEP 1
| #define HAVE_ABORT 1
| #define BX_HAVE_ABORT 1
| #define HAVE_TIMELOCAL 1
| #define BX_HAVE_TIMELOCAL 1
| #define HAVE_GMTIME 1
| #define BX_HAVE_GMTIME 1
| #define HAVE_MKTIME 1
| #define BX_HAVE_MKTIME 1
| #define _FILE_OFFSET_BITS 64
| #define HAVE_LARGEFILE_SUPPORT 1
| #define BX_HAVE_SET 1
| #define BX_HAVE_MAP 1
| #define BX_USE_IDLE_HACK 0
| /* end confdefs.h.  */
| #include <dlfcn.h>
configure:21604: result: no
configure:21604: WARNING: dlfcn.h: accepted by the compiler, rejected by the preprocessor!
configure:21604: WARNING: dlfcn.h: proceeding with the compiler's result
configure:21604: checking for dlfcn.h
configure:21604: result: yes
configure:21611: checking assert.h usability
configure:21611: gcc -c -g -O2 -D_FILE_OFFSET_BITS=64 -D_LARGE_FILES  -D_FILE_OFFSET_BITS=64 -D_LARGE_FILES conftest.c >&5
conftest.c:39:0: warning: "BX_HAVE_SETENV" redefined
 #define BX_HAVE_SETENV 0
 
conftest.c:16:0: note: this is the location of the previous definition
 #define BX_HAVE_SETENV 1
 
configure:21611: $? = 0
configure:21611: result: yes
configure:21611: checking assert.h presence
configure:21611:   -D_FILE_OFFSET_BITS=64 -D_LARGE_FILES conftest.c
./configure: line 2054: -D_FILE_OFFSET_BITS=64: command not found
configure:21611: $? = 127
configure: failed program was:
| /* confdefs.h */
| #define PACKAGE_NAME ""
| #define PACKAGE_TARNAME ""
| #define PACKAGE_VERSION ""
| #define PACKAGE_STRING ""
| #define PACKAGE_BUGREPORT ""
| #define PACKAGE_URL ""
| #define SIZEOF_UNSIGNED_CHAR 1
| #define SIZEOF_UNSIGNED_SHORT 2
| #define SIZEOF_UNSIGNED_INT 4
| #define SIZEOF_UNSIGNED_LONG 4
| #define SIZEOF_UNSIGNED_LONG_LONG 8
| #define HAVE_GETENV 1
| #define BX_HAVE_GETENV 1
| #define HAVE_SETENV 1
| #define BX_HAVE_SETENV 1
| #define HAVE_SNPRINTF 1
| #define BX_HAVE_SNPRINTF 1
| #define HAVE_VSNPRINTF 1
| #define BX_HAVE_VSNPRINTF 1
| #define BX_HAVE_SELECT 1
| #define BX_HAVE_SOCKLEN_T 0
| #define BX_HAVE_STRTOULL 1
| #define BX_HAVE_STRTOUQ 0
| #define BX_HAVE_STRDUP 1
| #define BX_HAVE_STRREV 1
| #define BX_HAVE_STRICMP 1
| #define BX_HAVE_STRCASECMP 0
| #define BX_HAVE_MKSTEMP 0
| #define BX_HAVE_SYS_MMAN_H 0
| #define BX_HAVE_GETTIMEOFDAY 0
| #define BX_HAVE_USLEEP 0
| #define BX_HAVE___BUILTIN_BSWAP32 0
| #define BX_HAVE___BUILTIN_BSWAP64 0
| #define BX_HAVE_TMPFILE64 0
| #define BX_HAVE_FSEEK64 0
| #define BX_HAVE_FSEEKO64 0
| #define BX_HAVE_SSIZE_T 0
| #define BX_HAVE_SETENV 0
| #define SIZEOF_INT_P 4
| #define HAVE_SLEEP 1
| #define BX_HAVE_SLEEP 1
| #define HAVE_NANOSLEEP 1
| #define BX_HAVE_NANOSLEEP 1
| #define HAVE_ABORT 1
| #define BX_HAVE_ABORT 1
| #define HAVE_TIMELOCAL 1
| #define BX_HAVE_TIMELOCAL 1
| #define HAVE_GMTIME 1
| #define BX_HAVE_GMTIME 1
| #define HAVE_MKTIME 1
| #define BX_HAVE_MKTIME 1
| #define _FILE_OFFSET_BITS 64
| #define HAVE_LARGEFILE_SUPPORT 1
| #define BX_HAVE_SET 1
| #define BX_HAVE_MAP 1
| #define BX_USE_IDLE_HACK 0
| #define BX_HAVE_DLFCN_H 1
| /* end confdefs.h.  */
| #include <assert.h>
configure:21611: result: no
configure:21611: WARNING: assert.h: accepted by the compiler, rejected by the preprocessor!
configure:21611: WARNING: assert.h: proceeding with the compiler's result
configure:21611: checking for assert.h
configure:21611: result: yes
configure:21619: checking for plugins support
configure:21712: result: no
configure:21786: checking if compiler allows LL for 64-bit constants
configure:21799: gcc -c -g -O2 -D_FILE_OFFSET_BITS=64 -D_LARGE_FILES  -D_FILE_OFFSET_BITS=64 -D_LARGE_FILES conftest.c >&5
conftest.c:39:0: warning: "BX_HAVE_SETENV" redefined
 #define BX_HAVE_SETENV 0
 
conftest.c:16:0: note: this is the location of the previous definition
 #define BX_HAVE_SETENV 1
 
configure:21799: $? = 0
configure:21800: result: yes
configure:21812: checking for A20 support
configure:21830: result: yes
configure:21840: checking for x86-64 support
configure:21845: result: yes
configure:21873: checking for SMP support
configure:21894: result: no
configure:21903: checking for cpu level
configure:21927: result: 6
configure:21960: checking for larger than 32 bit physical address emulation
configure:21979: result: yes
configure:21994: checking for large ramfile support
configure:22011: result: yes
configure:22021: checking for repeated IO and mem copy speedups
configure:22036: result: no
configure:22044: checking for gcc / MSVC nmake fast function calls optimization
configure:22059: result: no
configure:22067: checking for handlers chaining speedups
configure:22082: result: no
configure:22090: checking for trace linking speedups support
configure:22105: result: no
configure:22113: checking support for configurable MSR registers
configure:22131: result: yes
configure:22146: checking show IPS
configure:22151: result: yes
configure:22172: checking for use of .cpp as suffix
configure:22189: result: no
configure:22217: checking for Bochs internal debugger support
configure:22333: result: no
configure:22345: checking for disassembler support
configure:22368: result: yes
configure:22378: checking enable Bochs internal debugger GUI
configure:22400: result: no
configure:22412: checking for gdb stub enable
configure:22437: result: no
configure:22449: checking for I/O Interface to the debugger
configure:22477: result: no
configure:22487: checking for ALL optimizations enabled
configure:22492: result: yes
configure:22570: checking whether user wants readline
configure:22579: result: no
configure:22594: checking whether to use readline
configure:22686: result: no
configure:22691: checking readline/history.h usability
configure:22691: gcc -c -g -O2 -D_FILE_OFFSET_BITS=64 -D_LARGE_FILES  -D_FILE_OFFSET_BITS=64 -D_LARGE_FILES conftest.c >&5
conftest.c:39:0: warning: "BX_HAVE_SETENV" redefined
 #define BX_HAVE_SETENV 0
 
conftest.c:16:0: note: this is the location of the previous definition
 #define BX_HAVE_SETENV 1
 
conftest.c:111:10: fatal error: readline/history.h: No such file or directory
 #include <readline/history.h>
          ^~~~~~~~~~~~~~~~~~~~
compilation terminated.
configure:22691: $? = 1
configure: failed program was:
| /* confdefs.h */
| #define PACKAGE_NAME ""
| #define PACKAGE_TARNAME ""
| #define PACKAGE_VERSION ""
| #define PACKAGE_STRING ""
| #define PACKAGE_BUGREPORT ""
| #define PACKAGE_URL ""
| #define SIZEOF_UNSIGNED_CHAR 1
| #define SIZEOF_UNSIGNED_SHORT 2
| #define SIZEOF_UNSIGNED_INT 4
| #define SIZEOF_UNSIGNED_LONG 4
| #define SIZEOF_UNSIGNED_LONG_LONG 8
| #define HAVE_GETENV 1
| #define BX_HAVE_GETENV 1
| #define HAVE_SETENV 1
| #define BX_HAVE_SETENV 1
| #define HAVE_SNPRINTF 1
| #define BX_HAVE_SNPRINTF 1
| #define HAVE_VSNPRINTF 1
| #define BX_HAVE_VSNPRINTF 1
| #define BX_HAVE_SELECT 1
| #define BX_HAVE_SOCKLEN_T 0
| #define BX_HAVE_STRTOULL 1
| #define BX_HAVE_STRTOUQ 0
| #define BX_HAVE_STRDUP 1
| #define BX_HAVE_STRREV 1
| #define BX_HAVE_STRICMP 1
| #define BX_HAVE_STRCASECMP 0
| #define BX_HAVE_MKSTEMP 0
| #define BX_HAVE_SYS_MMAN_H 0
| #define BX_HAVE_GETTIMEOFDAY 0
| #define BX_HAVE_USLEEP 0
| #define BX_HAVE___BUILTIN_BSWAP32 0
| #define BX_HAVE___BUILTIN_BSWAP64 0
| #define BX_HAVE_TMPFILE64 0
| #define BX_HAVE_FSEEK64 0
| #define BX_HAVE_FSEEKO64 0
| #define BX_HAVE_SSIZE_T 0
| #define BX_HAVE_SETENV 0
| #define SIZEOF_INT_P 4
| #define HAVE_SLEEP 1
| #define BX_HAVE_SLEEP 1
| #define HAVE_NANOSLEEP 1
| #define BX_HAVE_NANOSLEEP 1
| #define HAVE_ABORT 1
| #define BX_HAVE_ABORT 1
| #define HAVE_TIMELOCAL 1
| #define BX_HAVE_TIMELOCAL 1
| #define HAVE_GMTIME 1
| #define BX_HAVE_GMTIME 1
| #define HAVE_MKTIME 1
| #define BX_HAVE_MKTIME 1
| #define _FILE_OFFSET_BITS 64
| #define HAVE_LARGEFILE_SUPPORT 1
| #define BX_HAVE_SET 1
| #define BX_HAVE_MAP 1
| #define BX_USE_IDLE_HACK 0
| #define BX_HAVE_DLFCN_H 1
| #define HAVE_ASSERT_H 1
| #define BX_PLUGINS 0
| #define BX_SUPPORT_A20 1
| #define BX_SUPPORT_X86_64 1
| #define BX_SUPPORT_SMP 0
| #define BX_CPU_LEVEL 6
| #define BX_PHY_ADDRESS_LONG 1
| #define BX_LARGE_RAMFILE 1
| #define BX_CONFIGURE_MSRS 1
| #define BX_SHOW_IPS 1
| #define BX_DEBUGGER 0
| #define BX_DISASM 1
| #define BX_DEBUGGER_GUI 0
| #define BX_GDBSTUB 0
| #define BX_SUPPORT_REPEAT_SPEEDUPS 1
| #define BX_FAST_FUNC_CALL 1
| #define BX_SUPPORT_HANDLERS_CHAINING_SPEEDUPS 1
| #define BX_ENABLE_TRACE_LINKING 1
| /* end confdefs.h.  */
| #include <stdio.h>
| #ifdef HAVE_SYS_TYPES_H
| # include <sys/types.h>
| #endif
| #ifdef HAVE_SYS_STAT_H
| # include <sys/stat.h>
| #endif
| #ifdef STDC_HEADERS
| # include <stdlib.h>
| # include <stddef.h>
| #else
| # ifdef HAVE_STDLIB_H
| #  include <stdlib.h>
| # endif
| #endif
| #ifdef HAVE_STRING_H
| # if !defined STDC_HEADERS && defined HAVE_MEMORY_H
| #  include <memory.h>
| # endif
| # include <string.h>
| #endif
| #ifdef HAVE_STRINGS_H
| # include <strings.h>
| #endif
| #ifdef HAVE_INTTYPES_H
| # include <inttypes.h>
| #endif
| #ifdef HAVE_STDINT_H
| # include <stdint.h>
| #endif
| #ifdef HAVE_UNISTD_H
| # include <unistd.h>
| #endif
| #include <readline/history.h>
configure:22691: result: no
configure:22691: checking readline/history.h presence
configure:22691:   -D_FILE_OFFSET_BITS=64 -D_LARGE_FILES conftest.c
./configure: line 2054: -D_FILE_OFFSET_BITS=64: command not found
configure:22691: $? = 127
configure: failed program was:
| /* confdefs.h */
| #define PACKAGE_NAME ""
| #define PACKAGE_TARNAME ""
| #define PACKAGE_VERSION ""
| #define PACKAGE_STRING ""
| #define PACKAGE_BUGREPORT ""
| #define PACKAGE_URL ""
| #define SIZEOF_UNSIGNED_CHAR 1
| #define SIZEOF_UNSIGNED_SHORT 2
| #define SIZEOF_UNSIGNED_INT 4
| #define SIZEOF_UNSIGNED_LONG 4
| #define SIZEOF_UNSIGNED_LONG_LONG 8
| #define HAVE_GETENV 1
| #define BX_HAVE_GETENV 1
| #define HAVE_SETENV 1
| #define BX_HAVE_SETENV 1
| #define HAVE_SNPRINTF 1
| #define BX_HAVE_SNPRINTF 1
| #define HAVE_VSNPRINTF 1
| #define BX_HAVE_VSNPRINTF 1
| #define BX_HAVE_SELECT 1
| #define BX_HAVE_SOCKLEN_T 0
| #define BX_HAVE_STRTOULL 1
| #define BX_HAVE_STRTOUQ 0
| #define BX_HAVE_STRDUP 1
| #define BX_HAVE_STRREV 1
| #define BX_HAVE_STRICMP 1
| #define BX_HAVE_STRCASECMP 0
| #define BX_HAVE_MKSTEMP 0
| #define BX_HAVE_SYS_MMAN_H 0
| #define BX_HAVE_GETTIMEOFDAY 0
| #define BX_HAVE_USLEEP 0
| #define BX_HAVE___BUILTIN_BSWAP32 0
| #define BX_HAVE___BUILTIN_BSWAP64 0
| #define BX_HAVE_TMPFILE64 0
| #define BX_HAVE_FSEEK64 0
| #define BX_HAVE_FSEEKO64 0
| #define BX_HAVE_SSIZE_T 0
| #define BX_HAVE_SETENV 0
| #define SIZEOF_INT_P 4
| #define HAVE_SLEEP 1
| #define BX_HAVE_SLEEP 1
| #define HAVE_NANOSLEEP 1
| #define BX_HAVE_NANOSLEEP 1
| #define HAVE_ABORT 1
| #define BX_HAVE_ABORT 1
| #define HAVE_TIMELOCAL 1
| #define BX_HAVE_TIMELOCAL 1
| #define HAVE_GMTIME 1
| #define BX_HAVE_GMTIME 1
| #define HAVE_MKTIME 1
| #define BX_HAVE_MKTIME 1
| #define _FILE_OFFSET_BITS 64
| #define HAVE_LARGEFILE_SUPPORT 1
| #define BX_HAVE_SET 1
| #define BX_HAVE_MAP 1
| #define BX_USE_IDLE_HACK 0
| #define BX_HAVE_DLFCN_H 1
| #define HAVE_ASSERT_H 1
| #define BX_PLUGINS 0
| #define BX_SUPPORT_A20 1
| #define BX_SUPPORT_X86_64 1
| #define BX_SUPPORT_SMP 0
| #define BX_CPU_LEVEL 6
| #define BX_PHY_ADDRESS_LONG 1
| #define BX_LARGE_RAMFILE 1
| #define BX_CONFIGURE_MSRS 1
| #define BX_SHOW_IPS 1
| #define BX_DEBUGGER 0
| #define BX_DISASM 1
| #define BX_DEBUGGER_GUI 0
| #define BX_GDBSTUB 0
| #define BX_SUPPORT_REPEAT_SPEEDUPS 1
| #define BX_FAST_FUNC_CALL 1
| #define BX_SUPPORT_HANDLERS_CHAINING_SPEEDUPS 1
| #define BX_ENABLE_TRACE_LINKING 1
| /* end confdefs.h.  */
| #include <readline/history.h>
configure:22691: result: no
configure:22691: checking for readline/history.h
configure:22691: result: no
configure:22702: checking for instrumentation support
configure:22728: result: no
configure:22740: checking enable logging
configure:22757: result: yes
configure:22766: checking enable statistics collection
configure:22783: result: yes
configure:22792: checking enable assert checks
configure:22815: result: no
configure:22826: checking for FPU emulation
configure:22851: result: yes
configure:22863: checking for VMX support
configure:22884: result: 2
configure:22915: checking for SVM support
configure:22934: result: no
configure:22948: checking for User-Mode Protection Keys support
configure:22967: result: no
configure:22981: checking for Control Flow Enforcement Technology support
configure:23000: result: no
configure:23013: checking for 3DNow! support
configure:23031: result: no
configure:23040: checking for alignment check support
configure:23059: result: yes
configure:23074: checking for MONITOR/MWAIT instructions support (experimental)
configure:23093: result: yes
configure:23108: checking for limited hardware performance monitoring emulation support (experimental)
configure:23127: result: yes
configure:23142: checking for memory type support
configure:23160: result: no
configure:23171: checking for AVX instructions support
configure:23191: result: no
configure:23206: checking for EVEX prefix and AVX-512 extensions support
configure:23225: result: no
configure:23238: checking for x86 debugger support
configure:23256: result: no
configure:23267: checking for i440FX PCI support
configure:23272: result: yes
configure:23301: checking for PCI host device mapping support
configure:23363: result: no
configure:23376: checking for USB UHCI support
configure:23381: result: yes
configure:23406: checking for USB OHCI support
configure:23411: result: yes
configure:23435: checking for USB EHCI support
configure:23440: result: yes
configure:23464: checking for USB xHCI support
configure:23469: result: yes
configure:23507: checking for NE2000 support
configure:23512: result: yes
configure:23536: checking for PCI pseudo NIC support
configure:23556: result: no
configure:23565: checking for Intel(R) Gigabit Ethernet support
configure:23570: result: yes
configure:23742: checking for ethernet modules
configure:23744: result: null vnet slirp socket win32
configure:23766: checking for raw serial support
configure:23783: result: no
configure:23795: checking for CLGD54XX emulation
configure:23800: result: yes
configure:23823: checking for 3dfx Voodoo Graphics emulation
configure:23828: result: yes
configure:23859: checking for lowlevel CDROM support
configure:23876: result: yes
configure:23934: checking for Sound Blaster 16 support
configure:23939: result: yes
configure:23965: checking for ES1370 soundcard support
configure:23970: result: yes
configure:24102: checking samplerate.h usability
configure:24102: gcc -c -g -O2 -D_FILE_OFFSET_BITS=64 -D_LARGE_FILES  -D_FILE_OFFSET_BITS=64 -D_LARGE_FILES conftest.c >&5
conftest.c:39:0: warning: "BX_HAVE_SETENV" redefined
 #define BX_HAVE_SETENV 0
 
conftest.c:16:0: note: this is the location of the previous definition
 #define BX_HAVE_SETENV 1
 
conftest.c:150:10: fatal error: samplerate.h: No such file or directory
 #include <samplerate.h>
          ^~~~~~~~~~~~~~
compilation terminated.
configure:24102: $? = 1
configure: failed program was:
| /* confdefs.h */
| #define PACKAGE_NAME ""
| #define PACKAGE_TARNAME ""
| #define PACKAGE_VERSION ""
| #define PACKAGE_STRING ""
| #define PACKAGE_BUGREPORT ""
| #define PACKAGE_URL ""
| #define SIZEOF_UNSIGNED_CHAR 1
| #define SIZEOF_UNSIGNED_SHORT 2
| #define SIZEOF_UNSIGNED_INT 4
| #define SIZEOF_UNSIGNED_LONG 4
| #define SIZEOF_UNSIGNED_LONG_LONG 8
| #define HAVE_GETENV 1
| #define BX_HAVE_GETENV 1
| #define HAVE_SETENV 1
| #define BX_HAVE_SETENV 1
| #define HAVE_SNPRINTF 1
| #define BX_HAVE_SNPRINTF 1
| #define HAVE_VSNPRINTF 1
| #define BX_HAVE_VSNPRINTF 1
| #define BX_HAVE_SELECT 1
| #define BX_HAVE_SOCKLEN_T 0
| #define BX_HAVE_STRTOULL 1
| #define BX_HAVE_STRTOUQ 0
| #define BX_HAVE_STRDUP 1
| #define BX_HAVE_STRREV 1
| #define BX_HAVE_STRICMP 1
| #define BX_HAVE_STRCASECMP 0
| #define BX_HAVE_MKSTEMP 0
| #define BX_HAVE_SYS_MMAN_H 0
| #define BX_HAVE_GETTIMEOFDAY 0
| #define BX_HAVE_USLEEP 0
| #define BX_HAVE___BUILTIN_BSWAP32 0
| #define BX_HAVE___BUILTIN_BSWAP64 0
| #define BX_HAVE_TMPFILE64 0
| #define BX_HAVE_FSEEK64 0
| #define BX_HAVE_FSEEKO64 0
| #define BX_HAVE_SSIZE_T 0
| #define BX_HAVE_SETENV 0
| #define SIZEOF_INT_P 4
| #define HAVE_SLEEP 1
| #define BX_HAVE_SLEEP 1
| #define HAVE_NANOSLEEP 1
| #define BX_HAVE_NANOSLEEP 1
| #define HAVE_ABORT 1
| #define BX_HAVE_ABORT 1
| #define HAVE_TIMELOCAL 1
| #define BX_HAVE_TIMELOCAL 1
| #define HAVE_GMTIME 1
| #define BX_HAVE_GMTIME 1
| #define HAVE_MKTIME 1
| #define BX_HAVE_MKTIME 1
| #define _FILE_OFFSET_BITS 64
| #define HAVE_LARGEFILE_SUPPORT 1
| #define BX_HAVE_SET 1
| #define BX_HAVE_MAP 1
| #define BX_USE_IDLE_HACK 0
| #define BX_HAVE_DLFCN_H 1
| #define HAVE_ASSERT_H 1
| #define BX_PLUGINS 0
| #define BX_SUPPORT_A20 1
| #define BX_SUPPORT_X86_64 1
| #define BX_SUPPORT_SMP 0
| #define BX_CPU_LEVEL 6
| #define BX_PHY_ADDRESS_LONG 1
| #define BX_LARGE_RAMFILE 1
| #define BX_CONFIGURE_MSRS 1
| #define BX_SHOW_IPS 1
| #define BX_DEBUGGER 0
| #define BX_DISASM 1
| #define BX_DEBUGGER_GUI 0
| #define BX_GDBSTUB 0
| #define BX_SUPPORT_REPEAT_SPEEDUPS 1
| #define BX_FAST_FUNC_CALL 1
| #define BX_SUPPORT_HANDLERS_CHAINING_SPEEDUPS 1
| #define BX_ENABLE_TRACE_LINKING 1
| #define BX_INSTRUMENTATION 0
| #define BX_NO_LOGGING 0
| #define BX_ENABLE_STATISTICS 1
| #define BX_ASSERT_ENABLE 0
| #define BX_SUPPORT_FPU 1
| #define BX_SUPPORT_VMX 2
| #define BX_SUPPORT_SVM 0
| #define BX_SUPPORT_PKEYS 0
| #define BX_SUPPORT_CET 0
| #define BX_SUPPORT_3DNOW 0
| #define BX_SUPPORT_ALIGNMENT_CHECK 1
| #define BX_SUPPORT_MONITOR_MWAIT 1
| #define BX_SUPPORT_PERFMON 1
| #define BX_SUPPORT_MEMTYPE 0
| #define BX_SUPPORT_AVX 0
| #define BX_SUPPORT_EVEX 0
| #define BX_X86_DEBUGGER 0
| #define BX_SUPPORT_PCI 1
| #define BX_SUPPORT_PCIDEV 0
| #define BX_SUPPORT_USB_UHCI 1
| #define BX_SUPPORT_USB_OHCI 1
| #define BX_SUPPORT_USB_EHCI 1
| #define BX_SUPPORT_USB_XHCI 1
| #define BX_SUPPORT_NE2K 1
| #define BX_SUPPORT_PCIPNIC 0
| #define BX_SUPPORT_E1000 1
| #define BX_NETMOD_SLIRP 1
| #define BX_NETMOD_SOCKET 1
| #define BX_NETMOD_WIN32 1
| #define BX_NETWORKING 1
| #define USE_RAW_SERIAL 0
| #define BX_SUPPORT_CLGD54XX 1
| #define BX_SUPPORT_VOODOO 1
| #define LOWLEVEL_CDROM cdrom_win32_c
| #define BX_SUPPORT_CDROM 1
| #define BX_SUPPORT_SB16 1
| #define BX_SUPPORT_ES1370 1
| #define BX_SUPPORT_SOUNDLOW 1
| #define BX_HAVE_SOUND_WIN 1
| /* end confdefs.h.  */
| #include <stdio.h>
| #ifdef HAVE_SYS_TYPES_H
| # include <sys/types.h>
| #endif
| #ifdef HAVE_SYS_STAT_H
| # include <sys/stat.h>
| #endif
| #ifdef STDC_HEADERS
| # include <stdlib.h>
| # include <stddef.h>
| #else
| # ifdef HAVE_STDLIB_H
| #  include <stdlib.h>
| # endif
| #endif
| #ifdef HAVE_STRING_H
| # if !defined STDC_HEADERS && defined HAVE_MEMORY_H
| #  include <memory.h>
| # endif
| # include <string.h>
| #endif
| #ifdef HAVE_STRINGS_H
| # include <strings.h>
| #endif
| #ifdef HAVE_INTTYPES_H
| # include <inttypes.h>
| #endif
| #ifdef HAVE_STDINT_H
| # include <stdint.h>
| #endif
| #ifdef HAVE_UNISTD_H
| # include <unistd.h>
| #endif
| #include <samplerate.h>
configure:24102: result: no
configure:24102: checking samplerate.h presence
configure:24102:   -D_FILE_OFFSET_BITS=64 -D_LARGE_FILES conftest.c
./configure: line 2054: -D_FILE_OFFSET_BITS=64: command not found
configure:24102: $? = 127
configure: failed program was:
| /* confdefs.h */
| #define PACKAGE_NAME ""
| #define PACKAGE_TARNAME ""
| #define PACKAGE_VERSION ""
| #define PACKAGE_STRING ""
| #define PACKAGE_BUGREPORT ""
| #define PACKAGE_URL ""
| #define SIZEOF_UNSIGNED_CHAR 1
| #define SIZEOF_UNSIGNED_SHORT 2
| #define SIZEOF_UNSIGNED_INT 4
| #define SIZEOF_UNSIGNED_LONG 4
| #define SIZEOF_UNSIGNED_LONG_LONG 8
| #define HAVE_GETENV 1
| #define BX_HAVE_GETENV 1
| #define HAVE_SETENV 1
| #define BX_HAVE_SETENV 1
| #define HAVE_SNPRINTF 1
| #define BX_HAVE_SNPRINTF 1
| #define HAVE_VSNPRINTF 1
| #define BX_HAVE_VSNPRINTF 1
| #define BX_HAVE_SELECT 1
| #define BX_HAVE_SOCKLEN_T 0
| #define BX_HAVE_STRTOULL 1
| #define BX_HAVE_STRTOUQ 0
| #define BX_HAVE_STRDUP 1
| #define BX_HAVE_STRREV 1
| #define BX_HAVE_STRICMP 1
| #define BX_HAVE_STRCASECMP 0
| #define BX_HAVE_MKSTEMP 0
| #define BX_HAVE_SYS_MMAN_H 0
| #define BX_HAVE_GETTIMEOFDAY 0
| #define BX_HAVE_USLEEP 0
| #define BX_HAVE___BUILTIN_BSWAP32 0
| #define BX_HAVE___BUILTIN_BSWAP64 0
| #define BX_HAVE_TMPFILE64 0
| #define BX_HAVE_FSEEK64 0
| #define BX_HAVE_FSEEKO64 0
| #define BX_HAVE_SSIZE_T 0
| #define BX_HAVE_SETENV 0
| #define SIZEOF_INT_P 4
| #define HAVE_SLEEP 1
| #define BX_HAVE_SLEEP 1
| #define HAVE_NANOSLEEP 1
| #define BX_HAVE_NANOSLEEP 1
| #define HAVE_ABORT 1
| #define BX_HAVE_ABORT 1
| #define HAVE_TIMELOCAL 1
| #define BX_HAVE_TIMELOCAL 1
| #define HAVE_GMTIME 1
| #define BX_HAVE_GMTIME 1
| #define HAVE_MKTIME 1
| #define BX_HAVE_MKTIME 1
| #define _FILE_OFFSET_BITS 64
| #define HAVE_LARGEFILE_SUPPORT 1
| #define BX_HAVE_SET 1
| #define BX_HAVE_MAP 1
| #define BX_USE_IDLE_HACK 0
| #define BX_HAVE_DLFCN_H 1
| #define HAVE_ASSERT_H 1
| #define BX_PLUGINS 0
| #define BX_SUPPORT_A20 1
| #define BX_SUPPORT_X86_64 1
| #define BX_SUPPORT_SMP 0
| #define BX_CPU_LEVEL 6
| #define BX_PHY_ADDRESS_LONG 1
| #define BX_LARGE_RAMFILE 1
| #define BX_CONFIGURE_MSRS 1
| #define BX_SHOW_IPS 1
| #define BX_DEBUGGER 0
| #define BX_DISASM 1
| #define BX_DEBUGGER_GUI 0
| #define BX_GDBSTUB 0
| #define BX_SUPPORT_REPEAT_SPEEDUPS 1
| #define BX_FAST_FUNC_CALL 1
| #define BX_SUPPORT_HANDLERS_CHAINING_SPEEDUPS 1
| #define BX_ENABLE_TRACE_LINKING 1
| #define BX_INSTRUMENTATION 0
| #define BX_NO_LOGGING 0
| #define BX_ENABLE_STATISTICS 1
| #define BX_ASSERT_ENABLE 0
| #define BX_SUPPORT_FPU 1
| #define BX_SUPPORT_VMX 2
| #define BX_SUPPORT_SVM 0
| #define BX_SUPPORT_PKEYS 0
| #define BX_SUPPORT_CET 0
| #define BX_SUPPORT_3DNOW 0
| #define BX_SUPPORT_ALIGNMENT_CHECK 1
| #define BX_SUPPORT_MONITOR_MWAIT 1
| #define BX_SUPPORT_PERFMON 1
| #define BX_SUPPORT_MEMTYPE 0
| #define BX_SUPPORT_AVX 0
| #define BX_SUPPORT_EVEX 0
| #define BX_X86_DEBUGGER 0
| #define BX_SUPPORT_PCI 1
| #define BX_SUPPORT_PCIDEV 0
| #define BX_SUPPORT_USB_UHCI 1
| #define BX_SUPPORT_USB_OHCI 1
| #define BX_SUPPORT_USB_EHCI 1
| #define BX_SUPPORT_USB_XHCI 1
| #define BX_SUPPORT_NE2K 1
| #define BX_SUPPORT_PCIPNIC 0
| #define BX_SUPPORT_E1000 1
| #define BX_NETMOD_SLIRP 1
| #define BX_NETMOD_SOCKET 1
| #define BX_NETMOD_WIN32 1
| #define BX_NETWORKING 1
| #define USE_RAW_SERIAL 0
| #define BX_SUPPORT_CLGD54XX 1
| #define BX_SUPPORT_VOODOO 1
| #define LOWLEVEL_CDROM cdrom_win32_c
| #define BX_SUPPORT_CDROM 1
| #define BX_SUPPORT_SB16 1
| #define BX_SUPPORT_ES1370 1
| #define BX_SUPPORT_SOUNDLOW 1
| #define BX_HAVE_SOUND_WIN 1
| /* end confdefs.h.  */
| #include <samplerate.h>
configure:24102: result: no
configure:24102: checking for samplerate.h
configure:24102: result: no
configure:24113: checking soxr-lsr.h usability
configure:24113: gcc -c -g -O2 -D_FILE_OFFSET_BITS=64 -D_LARGE_FILES  -D_FILE_OFFSET_BITS=64 -D_LARGE_FILES conftest.c >&5
conftest.c:39:0: warning: "BX_HAVE_SETENV" redefined
 #define BX_HAVE_SETENV 0
 
conftest.c:16:0: note: this is the location of the previous definition
 #define BX_HAVE_SETENV 1
 
conftest.c:150:10: fatal error: soxr-lsr.h: No such file or directory
 #include <soxr-lsr.h>
          ^~~~~~~~~~~~
compilation terminated.
configure:24113: $? = 1
configure: failed program was:
| /* confdefs.h */
| #define PACKAGE_NAME ""
| #define PACKAGE_TARNAME ""
| #define PACKAGE_VERSION ""
| #define PACKAGE_STRING ""
| #define PACKAGE_BUGREPORT ""
| #define PACKAGE_URL ""
| #define SIZEOF_UNSIGNED_CHAR 1
| #define SIZEOF_UNSIGNED_SHORT 2
| #define SIZEOF_UNSIGNED_INT 4
| #define SIZEOF_UNSIGNED_LONG 4
| #define SIZEOF_UNSIGNED_LONG_LONG 8
| #define HAVE_GETENV 1
| #define BX_HAVE_GETENV 1
| #define HAVE_SETENV 1
| #define BX_HAVE_SETENV 1
| #define HAVE_SNPRINTF 1
| #define BX_HAVE_SNPRINTF 1
| #define HAVE_VSNPRINTF 1
| #define BX_HAVE_VSNPRINTF 1
| #define BX_HAVE_SELECT 1
| #define BX_HAVE_SOCKLEN_T 0
| #define BX_HAVE_STRTOULL 1
| #define BX_HAVE_STRTOUQ 0
| #define BX_HAVE_STRDUP 1
| #define BX_HAVE_STRREV 1
| #define BX_HAVE_STRICMP 1
| #define BX_HAVE_STRCASECMP 0
| #define BX_HAVE_MKSTEMP 0
| #define BX_HAVE_SYS_MMAN_H 0
| #define BX_HAVE_GETTIMEOFDAY 0
| #define BX_HAVE_USLEEP 0
| #define BX_HAVE___BUILTIN_BSWAP32 0
| #define BX_HAVE___BUILTIN_BSWAP64 0
| #define BX_HAVE_TMPFILE64 0
| #define BX_HAVE_FSEEK64 0
| #define BX_HAVE_FSEEKO64 0
| #define BX_HAVE_SSIZE_T 0
| #define BX_HAVE_SETENV 0
| #define SIZEOF_INT_P 4
| #define HAVE_SLEEP 1
| #define BX_HAVE_SLEEP 1
| #define HAVE_NANOSLEEP 1
| #define BX_HAVE_NANOSLEEP 1
| #define HAVE_ABORT 1
| #define BX_HAVE_ABORT 1
| #define HAVE_TIMELOCAL 1
| #define BX_HAVE_TIMELOCAL 1
| #define HAVE_GMTIME 1
| #define BX_HAVE_GMTIME 1
| #define HAVE_MKTIME 1
| #define BX_HAVE_MKTIME 1
| #define _FILE_OFFSET_BITS 64
| #define HAVE_LARGEFILE_SUPPORT 1
| #define BX_HAVE_SET 1
| #define BX_HAVE_MAP 1
| #define BX_USE_IDLE_HACK 0
| #define BX_HAVE_DLFCN_H 1
| #define HAVE_ASSERT_H 1
| #define BX_PLUGINS 0
| #define BX_SUPPORT_A20 1
| #define BX_SUPPORT_X86_64 1
| #define BX_SUPPORT_SMP 0
| #define BX_CPU_LEVEL 6
| #define BX_PHY_ADDRESS_LONG 1
| #define BX_LARGE_RAMFILE 1
| #define BX_CONFIGURE_MSRS 1
| #define BX_SHOW_IPS 1
| #define BX_DEBUGGER 0
| #define BX_DISASM 1
| #define BX_DEBUGGER_GUI 0
| #define BX_GDBSTUB 0
| #define BX_SUPPORT_REPEAT_SPEEDUPS 1
| #define BX_FAST_FUNC_CALL 1
| #define BX_SUPPORT_HANDLERS_CHAINING_SPEEDUPS 1
| #define BX_ENABLE_TRACE_LINKING 1
| #define BX_INSTRUMENTATION 0
| #define BX_NO_LOGGING 0
| #define BX_ENABLE_STATISTICS 1
| #define BX_ASSERT_ENABLE 0
| #define BX_SUPPORT_FPU 1
| #define BX_SUPPORT_VMX 2
| #define BX_SUPPORT_SVM 0
| #define BX_SUPPORT_PKEYS 0
| #define BX_SUPPORT_CET 0
| #define BX_SUPPORT_3DNOW 0
| #define BX_SUPPORT_ALIGNMENT_CHECK 1
| #define BX_SUPPORT_MONITOR_MWAIT 1
| #define BX_SUPPORT_PERFMON 1
| #define BX_SUPPORT_MEMTYPE 0
| #define BX_SUPPORT_AVX 0
| #define BX_SUPPORT_EVEX 0
| #define BX_X86_DEBUGGER 0
| #define BX_SUPPORT_PCI 1
| #define BX_SUPPORT_PCIDEV 0
| #define BX_SUPPORT_USB_UHCI 1
| #define BX_SUPPORT_USB_OHCI 1
| #define BX_SUPPORT_USB_EHCI 1
| #define BX_SUPPORT_USB_XHCI 1
| #define BX_SUPPORT_NE2K 1
| #define BX_SUPPORT_PCIPNIC 0
| #define BX_SUPPORT_E1000 1
| #define BX_NETMOD_SLIRP 1
| #define BX_NETMOD_SOCKET 1
| #define BX_NETMOD_WIN32 1
| #define BX_NETWORKING 1
| #define USE_RAW_SERIAL 0
| #define BX_SUPPORT_CLGD54XX 1
| #define BX_SUPPORT_VOODOO 1
| #define LOWLEVEL_CDROM cdrom_win32_c
| #define BX_SUPPORT_CDROM 1
| #define BX_SUPPORT_SB16 1
| #define BX_SUPPORT_ES1370 1
| #define BX_SUPPORT_SOUNDLOW 1
| #define BX_HAVE_SOUND_WIN 1
| /* end confdefs.h.  */
| #include <stdio.h>
| #ifdef HAVE_SYS_TYPES_H
| # include <sys/types.h>
| #endif
| #ifdef HAVE_SYS_STAT_H
| # include <sys/stat.h>
| #endif
| #ifdef STDC_HEADERS
| # include <stdlib.h>
| # include <stddef.h>
| #else
| # ifdef HAVE_STDLIB_H
| #  include <stdlib.h>
| # endif
| #endif
| #ifdef HAVE_STRING_H
| # if !defined STDC_HEADERS && defined HAVE_MEMORY_H
| #  include <memory.h>
| # endif
| # include <string.h>
| #endif
| #ifdef HAVE_STRINGS_H
| # include <strings.h>
| #endif
| #ifdef HAVE_INTTYPES_H
| # include <inttypes.h>
| #endif
| #ifdef HAVE_STDINT_H
| # include <stdint.h>
| #endif
| #ifdef HAVE_UNISTD_H
| # include <unistd.h>
| #endif
| #include <soxr-lsr.h>
configure:24113: result: no
configure:24113: checking soxr-lsr.h presence
configure:24113:   -D_FILE_OFFSET_BITS=64 -D_LARGE_FILES conftest.c
./configure: line 2054: -D_FILE_OFFSET_BITS=64: command not found
configure:24113: $? = 127
configure: failed program was:
| /* confdefs.h */
| #define PACKAGE_NAME ""
| #define PACKAGE_TARNAME ""
| #define PACKAGE_VERSION ""
| #define PACKAGE_STRING ""
| #define PACKAGE_BUGREPORT ""
| #define PACKAGE_URL ""
| #define SIZEOF_UNSIGNED_CHAR 1
| #define SIZEOF_UNSIGNED_SHORT 2
| #define SIZEOF_UNSIGNED_INT 4
| #define SIZEOF_UNSIGNED_LONG 4
| #define SIZEOF_UNSIGNED_LONG_LONG 8
| #define HAVE_GETENV 1
| #define BX_HAVE_GETENV 1
| #define HAVE_SETENV 1
| #define BX_HAVE_SETENV 1
| #define HAVE_SNPRINTF 1
| #define BX_HAVE_SNPRINTF 1
| #define HAVE_VSNPRINTF 1
| #define BX_HAVE_VSNPRINTF 1
| #define BX_HAVE_SELECT 1
| #define BX_HAVE_SOCKLEN_T 0
| #define BX_HAVE_STRTOULL 1
| #define BX_HAVE_STRTOUQ 0
| #define BX_HAVE_STRDUP 1
| #define BX_HAVE_STRREV 1
| #define BX_HAVE_STRICMP 1
| #define BX_HAVE_STRCASECMP 0
| #define BX_HAVE_MKSTEMP 0
| #define BX_HAVE_SYS_MMAN_H 0
| #define BX_HAVE_GETTIMEOFDAY 0
| #define BX_HAVE_USLEEP 0
| #define BX_HAVE___BUILTIN_BSWAP32 0
| #define BX_HAVE___BUILTIN_BSWAP64 0
| #define BX_HAVE_TMPFILE64 0
| #define BX_HAVE_FSEEK64 0
| #define BX_HAVE_FSEEKO64 0
| #define BX_HAVE_SSIZE_T 0
| #define BX_HAVE_SETENV 0
| #define SIZEOF_INT_P 4
| #define HAVE_SLEEP 1
| #define BX_HAVE_SLEEP 1
| #define HAVE_NANOSLEEP 1
| #define BX_HAVE_NANOSLEEP 1
| #define HAVE_ABORT 1
| #define BX_HAVE_ABORT 1
| #define HAVE_TIMELOCAL 1
| #define BX_HAVE_TIMELOCAL 1
| #define HAVE_GMTIME 1
| #define BX_HAVE_GMTIME 1
| #define HAVE_MKTIME 1
| #define BX_HAVE_MKTIME 1
| #define _FILE_OFFSET_BITS 64
| #define HAVE_LARGEFILE_SUPPORT 1
| #define BX_HAVE_SET 1
| #define BX_HAVE_MAP 1
| #define BX_USE_IDLE_HACK 0
| #define BX_HAVE_DLFCN_H 1
| #define HAVE_ASSERT_H 1
| #define BX_PLUGINS 0
| #define BX_SUPPORT_A20 1
| #define BX_SUPPORT_X86_64 1
| #define BX_SUPPORT_SMP 0
| #define BX_CPU_LEVEL 6
| #define BX_PHY_ADDRESS_LONG 1
| #define BX_LARGE_RAMFILE 1
| #define BX_CONFIGURE_MSRS 1
| #define BX_SHOW_IPS 1
| #define BX_DEBUGGER 0
| #define BX_DISASM 1
| #define BX_DEBUGGER_GUI 0
| #define BX_GDBSTUB 0
| #define BX_SUPPORT_REPEAT_SPEEDUPS 1
| #define BX_FAST_FUNC_CALL 1
| #define BX_SUPPORT_HANDLERS_CHAINING_SPEEDUPS 1
| #define BX_ENABLE_TRACE_LINKING 1
| #define BX_INSTRUMENTATION 0
| #define BX_NO_LOGGING 0
| #define BX_ENABLE_STATISTICS 1
| #define BX_ASSERT_ENABLE 0
| #define BX_SUPPORT_FPU 1
| #define BX_SUPPORT_VMX 2
| #define BX_SUPPORT_SVM 0
| #define BX_SUPPORT_PKEYS 0
| #define BX_SUPPORT_CET 0
| #define BX_SUPPORT_3DNOW 0
| #define BX_SUPPORT_ALIGNMENT_CHECK 1
| #define BX_SUPPORT_MONITOR_MWAIT 1
| #define BX_SUPPORT_PERFMON 1
| #define BX_SUPPORT_MEMTYPE 0
| #define BX_SUPPORT_AVX 0
| #define BX_SUPPORT_EVEX 0
| #define BX_X86_DEBUGGER 0
| #define BX_SUPPORT_PCI 1
| #define BX_SUPPORT_PCIDEV 0
| #define BX_SUPPORT_USB_UHCI 1
| #define BX_SUPPORT_USB_OHCI 1
| #define BX_SUPPORT_USB_EHCI 1
| #define BX_SUPPORT_USB_XHCI 1
| #define BX_SUPPORT_NE2K 1
| #define BX_SUPPORT_PCIPNIC 0
| #define BX_SUPPORT_E1000 1
| #define BX_NETMOD_SLIRP 1
| #define BX_NETMOD_SOCKET 1
| #define BX_NETMOD_WIN32 1
| #define BX_NETWORKING 1
| #define USE_RAW_SERIAL 0
| #define BX_SUPPORT_CLGD54XX 1
| #define BX_SUPPORT_VOODOO 1
| #define LOWLEVEL_CDROM cdrom_win32_c
| #define BX_SUPPORT_CDROM 1
| #define BX_SUPPORT_SB16 1
| #define BX_SUPPORT_ES1370 1
| #define BX_SUPPORT_SOUNDLOW 1
| #define BX_HAVE_SOUND_WIN 1
| /* end confdefs.h.  */
| #include <soxr-lsr.h>
configure:24113: result: no
configure:24113: checking for soxr-lsr.h
configure:24113: result: no
configure:24127: checking for sound lowlevel modules
configure:24129: result: win
configure:24131: checking for default sound lowlevel module
configure:24133: result: win
configure:24150: checking for standard PC gameport support
configure:24179: result: yes
configure:24195: checking for Busmouse support
configure:24200: result: yes
configure:24226: checking for docbook2html
configure:24257: result: not_found
configure:24265: checking whether to build docbook documentation
configure:24292: result: no
configure:24447: checking for wx-config
configure:24475: result: not_found
configure:24484: checking for wxWidgets configuration script
configure:24486: result: not_found
configure:24494: checking for wxWidgets library version
configure:24530: result: 
configure:24551: checking for default gui on this platform
configure:24553: result: win32
configure:24937: checking for display libraries
configure:24939: result:  rfb win32 nogui
configure:25026: checking for wget
configure:25042: found /usr/bin/wget
configure:25053: result: wget
configure:25751: checking pthread.h usability
configure:25751: cl -c /nologo /MT /W3 /DNDEBUG /DWIN32 /D_WINDOWS /D_CRT_SECURE_NO_WARNINGS /O2 /Gr /EHs-c-  -D_FILE_OFFSET_BITS=64 -D_LARGE_FILES conftest.c >&5
conftest.c(39): Error! E1100: Definition of macro 'BX_HAVE_SETENV' not identical to previous definition
conftest.c(39): Note! N2002: 'BX_HAVE_SETENV' defined in: conftest.c(16)
conftest.c(129): Error! E1100: Definition of macro 'BX_HAVE_DLFCN_H' not identical to previous definition
conftest.c(129): Note! N2002: 'BX_HAVE_DLFCN_H' defined in: conftest.c(58)
conftest.c(165): Error! E1055: Unable to open 'pthread.h'
Open Watcom C/C++ CL Clone for 386
Version 2.0 beta Nov  1 2017 21:43:13 (64-bit)
Copyright (c) 2002-2017 The Open Watcom Contributors. All Rights Reserved.
Portions Copyright (c) 1995-2002 Sybase, Inc. All Rights Reserved.
Source code is available under the Sybase Open Watcom Public License.
See http://www.openwatcom.org/ for details.
Compatible with CL Version 13.0.0
configure:25751: $? = 1
configure: failed program was:
| /* confdefs.h */
| #define PACKAGE_NAME ""
| #define PACKAGE_TARNAME ""
| #define PACKAGE_VERSION ""
| #define PACKAGE_STRING ""
| #define PACKAGE_BUGREPORT ""
| #define PACKAGE_URL ""
| #define SIZEOF_UNSIGNED_CHAR 1
| #define SIZEOF_UNSIGNED_SHORT 2
| #define SIZEOF_UNSIGNED_INT 4
| #define SIZEOF_UNSIGNED_LONG 4
| #define SIZEOF_UNSIGNED_LONG_LONG 8
| #define HAVE_GETENV 1
| #define BX_HAVE_GETENV 1
| #define HAVE_SETENV 1
| #define BX_HAVE_SETENV 1
| #define HAVE_SNPRINTF 1
| #define BX_HAVE_SNPRINTF 1
| #define HAVE_VSNPRINTF 1
| #define BX_HAVE_VSNPRINTF 1
| #define BX_HAVE_SELECT 1
| #define BX_HAVE_SOCKLEN_T 0
| #define BX_HAVE_STRTOULL 1
| #define BX_HAVE_STRTOUQ 0
| #define BX_HAVE_STRDUP 1
| #define BX_HAVE_STRREV 1
| #define BX_HAVE_STRICMP 1
| #define BX_HAVE_STRCASECMP 0
| #define BX_HAVE_MKSTEMP 0
| #define BX_HAVE_SYS_MMAN_H 0
| #define BX_HAVE_GETTIMEOFDAY 0
| #define BX_HAVE_USLEEP 0
| #define BX_HAVE___BUILTIN_BSWAP32 0
| #define BX_HAVE___BUILTIN_BSWAP64 0
| #define BX_HAVE_TMPFILE64 0
| #define BX_HAVE_FSEEK64 0
| #define BX_HAVE_FSEEKO64 0
| #define BX_HAVE_SSIZE_T 0
| #define BX_HAVE_SETENV 0
| #define SIZEOF_INT_P 4
| #define HAVE_SLEEP 1
| #define BX_HAVE_SLEEP 1
| #define HAVE_NANOSLEEP 1
| #define BX_HAVE_NANOSLEEP 1
| #define HAVE_ABORT 1
| #define BX_HAVE_ABORT 1
| #define HAVE_TIMELOCAL 1
| #define BX_HAVE_TIMELOCAL 1
| #define HAVE_GMTIME 1
| #define BX_HAVE_GMTIME 1
| #define HAVE_MKTIME 1
| #define BX_HAVE_MKTIME 1
| #define _FILE_OFFSET_BITS 64
| #define HAVE_LARGEFILE_SUPPORT 1
| #define BX_HAVE_SET 1
| #define BX_HAVE_MAP 1
| #define BX_USE_IDLE_HACK 0
| #define BX_HAVE_DLFCN_H 1
| #define HAVE_ASSERT_H 1
| #define BX_PLUGINS 0
| #define BX_SUPPORT_A20 1
| #define BX_SUPPORT_X86_64 1
| #define BX_SUPPORT_SMP 0
| #define BX_CPU_LEVEL 6
| #define BX_PHY_ADDRESS_LONG 1
| #define BX_LARGE_RAMFILE 1
| #define BX_CONFIGURE_MSRS 1
| #define BX_SHOW_IPS 1
| #define BX_DEBUGGER 0
| #define BX_DISASM 1
| #define BX_DEBUGGER_GUI 0
| #define BX_GDBSTUB 0
| #define BX_SUPPORT_REPEAT_SPEEDUPS 1
| #define BX_FAST_FUNC_CALL 1
| #define BX_SUPPORT_HANDLERS_CHAINING_SPEEDUPS 1
| #define BX_ENABLE_TRACE_LINKING 1
| #define BX_INSTRUMENTATION 0
| #define BX_NO_LOGGING 0
| #define BX_ENABLE_STATISTICS 1
| #define BX_ASSERT_ENABLE 0
| #define BX_SUPPORT_FPU 1
| #define BX_SUPPORT_VMX 2
| #define BX_SUPPORT_SVM 0
| #define BX_SUPPORT_PKEYS 0
| #define BX_SUPPORT_CET 0
| #define BX_SUPPORT_3DNOW 0
| #define BX_SUPPORT_ALIGNMENT_CHECK 1
| #define BX_SUPPORT_MONITOR_MWAIT 1
| #define BX_SUPPORT_PERFMON 1
| #define BX_SUPPORT_MEMTYPE 0
| #define BX_SUPPORT_AVX 0
| #define BX_SUPPORT_EVEX 0
| #define BX_X86_DEBUGGER 0
| #define BX_SUPPORT_PCI 1
| #define BX_SUPPORT_PCIDEV 0
| #define BX_SUPPORT_USB_UHCI 1
| #define BX_SUPPORT_USB_OHCI 1
| #define BX_SUPPORT_USB_EHCI 1
| #define BX_SUPPORT_USB_XHCI 1
| #define BX_SUPPORT_NE2K 1
| #define BX_SUPPORT_PCIPNIC 0
| #define BX_SUPPORT_E1000 1
| #define BX_NETMOD_SLIRP 1
| #define BX_NETMOD_SOCKET 1
| #define BX_NETMOD_WIN32 1
| #define BX_NETWORKING 1
| #define USE_RAW_SERIAL 0
| #define BX_SUPPORT_CLGD54XX 1
| #define BX_SUPPORT_VOODOO 1
| #define LOWLEVEL_CDROM cdrom_win32_c
| #define BX_SUPPORT_CDROM 1
| #define BX_SUPPORT_SB16 1
| #define BX_SUPPORT_ES1370 1
| #define BX_SUPPORT_SOUNDLOW 1
| #define BX_HAVE_SOUND_WIN 1
| #define BX_SOUND_LOWLEVEL_NAME "win"
| #define BX_SUPPORT_GAMEPORT 1
| #define BX_SUPPORT_BUSMOUSE 1
| #define BX_WITH_RFB 1
| #define BX_WITH_WIN32 1
| #define BX_WITH_NOGUI 1
| #define BX_USE_TEXTCONFIG 1
| #define BX_USE_GUI_CONSOLE 1
| #define BX_64BIT_CONSTANTS_USE_LL 0
| #define BX_CPP_INLINE __forceinline
| #define BX_NO_ATTRIBUTES 1
| #define HAVE_LIBREADLINE 0
| #define HAVE_READLINE_HISTORY_H 0
| #define BX_HAVE_DLFCN_H 0
| #define BX_NETMOD_TAP 0
| /* end confdefs.h.  */
| #include <stdio.h>
| #ifdef HAVE_SYS_TYPES_H
| # include <sys/types.h>
| #endif
| #ifdef HAVE_SYS_STAT_H
| # include <sys/stat.h>
| #endif
| #ifdef STDC_HEADERS
| # include <stdlib.h>
| # include <stddef.h>
| #else
| # ifdef HAVE_STDLIB_H
| #  include <stdlib.h>
| # endif
| #endif
| #ifdef HAVE_STRING_H
| # if !defined STDC_HEADERS && defined HAVE_MEMORY_H
| #  include <memory.h>
| # endif
| # include <string.h>
| #endif
| #ifdef HAVE_STRINGS_H
| # include <strings.h>
| #endif
| #ifdef HAVE_INTTYPES_H
| # include <inttypes.h>
| #endif
| #ifdef HAVE_STDINT_H
| # include <stdint.h>
| #endif
| #ifdef HAVE_UNISTD_H
| # include <unistd.h>
| #endif
| #include <pthread.h>
configure:25751: result: no
configure:25751: checking pthread.h presence
configure:25751:   -D_FILE_OFFSET_BITS=64 -D_LARGE_FILES conftest.c
./configure: line 2054: -D_FILE_OFFSET_BITS=64: command not found
configure:25751: $? = 127
configure: failed program was:
| /* confdefs.h */
| #define PACKAGE_NAME ""
| #define PACKAGE_TARNAME ""
| #define PACKAGE_VERSION ""
| #define PACKAGE_STRING ""
| #define PACKAGE_BUGREPORT ""
| #define PACKAGE_URL ""
| #define SIZEOF_UNSIGNED_CHAR 1
| #define SIZEOF_UNSIGNED_SHORT 2
| #define SIZEOF_UNSIGNED_INT 4
| #define SIZEOF_UNSIGNED_LONG 4
| #define SIZEOF_UNSIGNED_LONG_LONG 8
| #define HAVE_GETENV 1
| #define BX_HAVE_GETENV 1
| #define HAVE_SETENV 1
| #define BX_HAVE_SETENV 1
| #define HAVE_SNPRINTF 1
| #define BX_HAVE_SNPRINTF 1
| #define HAVE_VSNPRINTF 1
| #define BX_HAVE_VSNPRINTF 1
| #define BX_HAVE_SELECT 1
| #define BX_HAVE_SOCKLEN_T 0
| #define BX_HAVE_STRTOULL 1
| #define BX_HAVE_STRTOUQ 0
| #define BX_HAVE_STRDUP 1
| #define BX_HAVE_STRREV 1
| #define BX_HAVE_STRICMP 1
| #define BX_HAVE_STRCASECMP 0
| #define BX_HAVE_MKSTEMP 0
| #define BX_HAVE_SYS_MMAN_H 0
| #define BX_HAVE_GETTIMEOFDAY 0
| #define BX_HAVE_USLEEP 0
| #define BX_HAVE___BUILTIN_BSWAP32 0
| #define BX_HAVE___BUILTIN_BSWAP64 0
| #define BX_HAVE_TMPFILE64 0
| #define BX_HAVE_FSEEK64 0
| #define BX_HAVE_FSEEKO64 0
| #define BX_HAVE_SSIZE_T 0
| #define BX_HAVE_SETENV 0
| #define SIZEOF_INT_P 4
| #define HAVE_SLEEP 1
| #define BX_HAVE_SLEEP 1
| #define HAVE_NANOSLEEP 1
| #define BX_HAVE_NANOSLEEP 1
| #define HAVE_ABORT 1
| #define BX_HAVE_ABORT 1
| #define HAVE_TIMELOCAL 1
| #define BX_HAVE_TIMELOCAL 1
| #define HAVE_GMTIME 1
| #define BX_HAVE_GMTIME 1
| #define HAVE_MKTIME 1
| #define BX_HAVE_MKTIME 1
| #define _FILE_OFFSET_BITS 64
| #define HAVE_LARGEFILE_SUPPORT 1
| #define BX_HAVE_SET 1
| #define BX_HAVE_MAP 1
| #define BX_USE_IDLE_HACK 0
| #define BX_HAVE_DLFCN_H 1
| #define HAVE_ASSERT_H 1
| #define BX_PLUGINS 0
| #define BX_SUPPORT_A20 1
| #define BX_SUPPORT_X86_64 1
| #define BX_SUPPORT_SMP 0
| #define BX_CPU_LEVEL 6
| #define BX_PHY_ADDRESS_LONG 1
| #define BX_LARGE_RAMFILE 1
| #define BX_CONFIGURE_MSRS 1
| #define BX_SHOW_IPS 1
| #define BX_DEBUGGER 0
| #define BX_DISASM 1
| #define BX_DEBUGGER_GUI 0
| #define BX_GDBSTUB 0
| #define BX_SUPPORT_REPEAT_SPEEDUPS 1
| #define BX_FAST_FUNC_CALL 1
| #define BX_SUPPORT_HANDLERS_CHAINING_SPEEDUPS 1
| #define BX_ENABLE_TRACE_LINKING 1
| #define BX_INSTRUMENTATION 0
| #define BX_NO_LOGGING 0
| #define BX_ENABLE_STATISTICS 1
| #define BX_ASSERT_ENABLE 0
| #define BX_SUPPORT_FPU 1
| #define BX_SUPPORT_VMX 2
| #define BX_SUPPORT_SVM 0
| #define BX_SUPPORT_PKEYS 0
| #define BX_SUPPORT_CET 0
| #define BX_SUPPORT_3DNOW 0
| #define BX_SUPPORT_ALIGNMENT_CHECK 1
| #define BX_SUPPORT_MONITOR_MWAIT 1
| #define BX_SUPPORT_PERFMON 1
| #define BX_SUPPORT_MEMTYPE 0
| #define BX_SUPPORT_AVX 0
| #define BX_SUPPORT_EVEX 0
| #define BX_X86_DEBUGGER 0
| #define BX_SUPPORT_PCI 1
| #define BX_SUPPORT_PCIDEV 0
| #define BX_SUPPORT_USB_UHCI 1
| #define BX_SUPPORT_USB_OHCI 1
| #define BX_SUPPORT_USB_EHCI 1
| #define BX_SUPPORT_USB_XHCI 1
| #define BX_SUPPORT_NE2K 1
| #define BX_SUPPORT_PCIPNIC 0
| #define BX_SUPPORT_E1000 1
| #define BX_NETMOD_SLIRP 1
| #define BX_NETMOD_SOCKET 1
| #define BX_NETMOD_WIN32 1
| #define BX_NETWORKING 1
| #define USE_RAW_SERIAL 0
| #define BX_SUPPORT_CLGD54XX 1
| #define BX_SUPPORT_VOODOO 1
| #define LOWLEVEL_CDROM cdrom_win32_c
| #define BX_SUPPORT_CDROM 1
| #define BX_SUPPORT_SB16 1
| #define BX_SUPPORT_ES1370 1
| #define BX_SUPPORT_SOUNDLOW 1
| #define BX_HAVE_SOUND_WIN 1
| #define BX_SOUND_LOWLEVEL_NAME "win"
| #define BX_SUPPORT_GAMEPORT 1
| #define BX_SUPPORT_BUSMOUSE 1
| #define BX_WITH_RFB 1
| #define BX_WITH_WIN32 1
| #define BX_WITH_NOGUI 1
| #define BX_USE_TEXTCONFIG 1
| #define BX_USE_GUI_CONSOLE 1
| #define BX_64BIT_CONSTANTS_USE_LL 0
| #define BX_CPP_INLINE __forceinline
| #define BX_NO_ATTRIBUTES 1
| #define HAVE_LIBREADLINE 0
| #define HAVE_READLINE_HISTORY_H 0
| #define BX_HAVE_DLFCN_H 0
| #define BX_NETMOD_TAP 0
| /* end confdefs.h.  */
| #include <pthread.h>
configure:25751: result: no
configure:25751: checking for pthread.h
configure:25751: result: no
configure:26158: checking for gzip
configure:26176: found /usr/bin/gzip
configure:26188: result: /usr/bin/gzip
configure:26198: checking for tar
configure:26216: found /usr/bin/tar
configure:26228: result: /usr/bin/tar
configure:26238: checking for iasl
configure:26269: result: not_found
configure:26395: creating ./config.status

## ---------------------- ##
## Running config.status. ##
## ---------------------- ##

This file was extended by config.status, which was
generated by GNU Autoconf 2.69.  Invocation command line was

  CONFIG_FILES    = 
  CONFIG_HEADERS  = 
  CONFIG_LINKS    = 
  CONFIG_COMMANDS = 
  $ ./config.status 

on Volker-Laptop

config.status:1105: creating Makefile
config.status:1105: creating iodev/Makefile
config.status:1105: creating iodev/display/Makefile
config.status:1105: creating iodev/hdimage/Makefile
config.status:1105: creating iodev/usb/Makefile
config.status:1105: creating iodev/network/Makefile
config.status:1105: creating iodev/sound/Makefile
config.status:1105: creating bx_debug/Makefile
config.status:1105: creating bios/Makefile
config.status:1105: creating cpu/Makefile
config.status:1105: creating cpu/avx/Makefile
config.status:1105: creating cpu/cpudb/Makefile
config.status:1105: creating cpu/fpu/Makefile
config.status:1105: creating memory/Makefile
config.status:1105: creating gui/Makefile
config.status:1105: creating disasm/Makefile
config.status:1105: creating instrument/stubs/Makefile
config.status:1105: creating misc/Makefile
config.status:1105: creating doc/docbook/Makefile
config.status:1105: creating build/linux/bochs-dlx
config.status:1105: creating bxversion.h
config.status:1105: creating bxversion.rc
config.status:1105: creating build/macosx/Info.plist
config.status:1105: creating build/win32/nsis/Makefile
config.status:1105: creating build/win32/nsis/bochs.nsi
config.status:1105: creating host/linux/pcidev/Makefile
config.status:1105: creating config.h
config.status:1105: creating ltdlconf.h

## ---------------- ##
## Cache variables. ##
## ---------------- ##

ac_cv_build=i686-pc-cygwin
ac_cv_c_bigendian=no
ac_cv_c_compiler_gnu=yes
ac_cv_cxx_compiler_gnu=yes
ac_cv_env_CCC_set=
ac_cv_env_CCC_value=
ac_cv_env_CC_set=
ac_cv_env_CC_value=
ac_cv_env_CFLAGS_set=
ac_cv_env_CFLAGS_value=
ac_cv_env_CPPFLAGS_set=
ac_cv_env_CPPFLAGS_value=
ac_cv_env_CPP_set=
ac_cv_env_CPP_value=
ac_cv_env_CXXCPP_set=
ac_cv_env_CXXCPP_value=
ac_cv_env_CXXFLAGS_set=
ac_cv_env_CXXFLAGS_value=
ac_cv_env_CXX_set=
ac_cv_env_CXX_value=
ac_cv_env_F77_set=
ac_cv_env_F77_value=
ac_cv_env_FFLAGS_set=
ac_cv_env_FFLAGS_value=
ac_cv_env_LDFLAGS_set=
ac_cv_env_LDFLAGS_value=
ac_cv_env_LIBS_set=
ac_cv_env_LIBS_value=
ac_cv_env_XMKMF_set=
ac_cv_env_XMKMF_value=
ac_cv_env_build_alias_set=
ac_cv_env_build_alias_value=
ac_cv_env_host_alias_set=
ac_cv_env_host_alias_value=
ac_cv_env_target_alias_set=set
ac_cv_env_target_alias_value=pentium-windows
ac_cv_exeext=.exe
ac_cv_func_abort=yes
ac_cv_func_getenv=yes
ac_cv_func_gmtime=yes
ac_cv_func_mktime=yes
ac_cv_func_nanosleep=yes
ac_cv_func_setenv=yes
ac_cv_func_sleep=yes
ac_cv_func_snprintf=yes
ac_cv_func_timelocal=yes
ac_cv_func_vsnprintf=yes
ac_cv_header_assert_h=yes
ac_cv_header_dlfcn_h=yes
ac_cv_header_pthread_h=no
ac_cv_header_readline_history_h=no
ac_cv_header_samplerate_h=no
ac_cv_header_soxr_lsr_h=no
ac_cv_host=i686-pc-cygwin
ac_cv_member_struct_sockaddr_in_sin_len=no
ac_cv_objext=o
ac_cv_path_DOCBOOK2HTML=not_found
ac_cv_path_GZIP=/usr/bin/gzip
ac_cv_path_IASL=not_found
ac_cv_path_PKGCONFIG=/usr/bin/pkg-config
ac_cv_path_TAR=/usr/bin/tar
ac_cv_prog_WGET=wget
ac_cv_prog_WX_CONFIG=not_found
ac_cv_prog_ac_ct_CC=gcc
ac_cv_prog_ac_ct_CXX=g++
ac_cv_prog_cc_c89=
ac_cv_prog_cc_g=yes
ac_cv_prog_cxx_g=yes
ac_cv_prog_make_make_set=yes
ac_cv_sizeof_unsigned_char=1
ac_cv_sizeof_unsigned_int=4
ac_cv_sizeof_unsigned_long=4
ac_cv_sizeof_unsigned_long_long=8
ac_cv_sizeof_unsigned_short=2
ac_cv_sys_file_offset_bits=64
ac_cv_target=i586-pc-windows

## ----------------- ##
## Output variables. ##
## ----------------- ##

ALSA_SOUND_LINK_OPTS=''
AR=''
AVX_LIB_VAR=''
BOCHS_BITS='32'
BUILD_DOCBOOK_VAR=''
BUSM_OBJS='busmouse.o'
BXHUB_FLAG='/DBXHUB'
BXHUB_LINK_OPTS='ws2_32.lib'
BXIMAGE_FLAG='/DBXIMAGE'
BXIMAGE_LINK_OPTS='user32.lib'
BX_LARGE_RAMFILE=''
BX_USE_IDLE_HACK=''
CC='cl'
CDROM_OBJS='cdrom.o cdrom_win32.o'
CD_UP_ONE='cd ..'
CD_UP_THREE='cd ..\..\..'
CD_UP_TWO='cd ..\..'
CFLAGS='/nologo /MT /W3 /DNDEBUG /DWIN32 /D_WINDOWS /D_CRT_SECURE_NO_WARNINGS /O2 /Gr /EHs-c-'
CFP='/Tc'
CLEAN_DOCBOOK_VAR=''
CLEAN_PCIDEV_VAR=''
COMMAND_SEPARATOR=''
CPP=''
CPPFLAGS=' -D_FILE_OFFSET_BITS=64 -D_LARGE_FILES'
CPP_SUFFIX='cc'
CXX='cl'
CXXCPP=''
CXXFLAGS='/nologo /MT /W3 /DNDEBUG /DWIN32 /D_WINDOWS /D_CRT_SECURE_NO_WARNINGS /O2 /Gr /EHs-c-'
CXXFLAGS_CONSOLE='/nologo /MT /W3 /EHs-c- /DNDEBUG /DWIN32 /D_WINDOWS /D_CRT_SECURE_NO_WARNINGS /O2 /Gr /EHs-c-'
CXXFP='/Tp'
DASH='/'
DEBUGGER_VAR=''
DEFINE_PLUGIN_PATH=''
DEFS='-DHAVE_CONFIG_H'
DEPMOD=''
DEVICE_LINK_OPTS=' iphlpapi.lib ws2_32.lib winmm.lib'
DIALOG_OBJS='win32dialog.o win32paramdlg.o scrollwin.o'
DISASM_VAR='$(DISASM_LIB)'
DISPLAY_DLL_TARGETS='bx_svga_cirrus.dll bx_voodoo.dll'
DISPLAY_EXTRA_OBJS=' banshee.o'
DISPLAY_LIB_VAR='iodev/display/libdisplay.a'
DISPLAY_OBJS='svga_cirrus.o voodoo.o'
DOCBOOK2HTML='not_found'
ECHO='echo'
ECHO_C=''
ECHO_N='-n'
ECHO_T=''
EGREP=''
ENH_DBG_OBJS=''
EXE='.exe'
EXEEXT='.exe'
EXPORT_DYNAMIC=''
EXTERNAL_DEPENDENCY=''
EXTRA_BX_OBJS=' win32res.o'
EXTRA_LINK_OPTS=''
EXT_MSVC_DLL_RULES=''
F77=''
FFLAGS=''
FLEX=''
FPU_VAR='$(FPU_LIB)'
GAME_OBJS='gameport.o'
GDBSTUB_VAR=''
GREP=''
GUI_CFLAGS=''
GUI_CXXFLAGS=''
GUI_DLL_TARGETS=' bx_rfb.dll bx_win32.dll bx_nogui.dll'
GUI_LINK_OPTS=' $(GUI_LINK_OPTS_RFB) $(GUI_LINK_OPTS_WIN32_VCPP)'
GUI_LINK_OPTS_SDL2=''
GUI_LINK_OPTS_SDL=''
GUI_LINK_OPTS_TERM=''
GUI_LINK_OPTS_VNCSRV=''
GUI_LINK_OPTS_WX=''
GUI_NON_PLUGIN_OBJS='$(OBJS_THAT_CANNOT_BE_PLUGINS) $(OBJS_THAT_CAN_BE_PLUGINS) $(OBJS_THAT_SUPPORT_OTHER_PLUGINS)  $(GUI_OBJS_RFB) $(GUI_OBJS_WIN32) $(GUI_OBJS_NOGUI) '
GUI_OBJS=''
GUI_PLUGIN_OBJS=''
GZIP='/usr/bin/gzip'
HDIMAGE_LIB_VAR='iodev/hdimage/libhdimage.a'
IASL='not_found'
INLINE_VAR=''
INSMOD=''
INSTALL_DOCBOOK_VAR=''
INSTALL_LIST_FOR_PLATFORM=''
INSTALL_PLUGINS_VAR=''
INSTALL_TARGET='install_win32'
INSTRUMENT_DIR='instrument/stubs'
INSTRUMENT_VAR=''
IODEBUG_OBJS=''
IODEV_DLL_TARGETS=''
IODEV_EXT_NON_PLUGIN_OBJS='$(OBJS_THAT_CANNOT_BE_PLUGINS) $(OBJS_THAT_CAN_BE_PLUGINS) $(OBJS_THAT_SUPPORT_OTHER_PLUGINS)'
IODEV_EXT_PLUGIN_OBJS=''
IODEV_LIB_VAR='iodev/libiodev.a'
IODEV_NON_PLUGIN_OBJS='$(OBJS_THAT_CANNOT_BE_PLUGINS) $(OBJS_THAT_CAN_BE_PLUGINS) $(OBJS_THAT_SUPPORT_OTHER_PLUGINS)'
IODEV_PLUGIN_OBJS=''
KERNELDIR=''
KERNEL_MODULE_SUFFIX=''
LDFLAGS=''
LIBADD_DL=''
LIBOBJS=''
LIBS=''
LIBTOOL=''
LIBVNCSERVER_CONFIG=''
LINK='link  /nologo /subsystem:console /incremental:no /out:$@ '
LINK_CONSOLE='link  /nologo /subsystem:console /incremental:no /out:$@ '
LINK_DLL=''
LINK_VAR=''
LN_S=''
LSMOD=''
LTLIBOBJS=''
MAKELIB='lib /nologo /subsystem:console /verbose /out:$@'
NETDEV_DLL_TARGETS='bx_ne2k.dll bx_e1000.dll'
NETDEV_OBJS='ne2k.o e1000.o'
NETLOW_OBJS='eth_null.o eth_vnet.o eth_slirp.o eth_socket.o eth_win32.o'
NETWORK_LIB_VAR='iodev/network/libnetwork.a'
NONINLINE_VAR='$(NONINLINE_OBJS)'
NONPLUGIN_GUI_LINK_OPTS='$(GUI_LINK_OPTS)'
NO_FLEX_YACC=''
OBJEXT='o'
OBJS64='$(OBJS64)'
OFP='/Fo'
OPTIONAL_TARGET=' bxhub.exe niclist.exe'
PACKAGE_BUGREPORT=''
PACKAGE_NAME=''
PACKAGE_STRING=''
PACKAGE_TARNAME=''
PACKAGE_URL=''
PACKAGE_VERSION=''
PATH_SEPARATOR=':'
PCIDEV_MODULE_MAKE_ALL=''
PCI_OBJS='pci.o pci2isa.o pci_ide.o acpi.o hpet.o'
PKGCONFIG='/usr/bin/pkg-config'
PLUGIN_LIB=''
PLUGIN_LIBNAME_TRANSFORMATION='%.o=libbx_%.la'
PLUGIN_TARGET=''
PLUGIN_TARGET_2=''
PLUGIN_VAR=''
PRIMARY_TARGET='bochs.exe'
PTHREAD_CC='cl'
PTHREAD_CFLAGS=''
PTHREAD_LIBS=''
RANLIB='echo'
RC_CMD='rc /fo'
READLINE_LIB=''
REL_STRING='Built from SVN snapshot on January 5, 2020'
REL_TIMESTAMP='Sun Jan  5 08:36:00 CET 2020'
RFB_LIBS=' ws2_32.lib'
RMCOMMAND='-del'
RMMOD=''
SDL_SOUND_LINK_OPTS=''
SET_MAKE=''
SHELL='/bin/sh'
SLASH='\'
SOUNDHW_DLL_TARGETS='bx_sb16.dll bx_es1370.dll'
SOUNDHW_OBJS='sb16.o es1370.o'
SOUNDLOW_OBJS='soundwin.o'
SOUND_LIB_VAR='iodev/sound/libsound.a'
STRIP=''
SUFFIX_LINE='.SUFFIXES: .cc'
TAR='/usr/bin/tar'
TOOLKIT_CXXFLAGS=''
USBHC_DLL_TARGETS='bx_usb_uhci.dll bx_usb_ohci.dll bx_usb_ehci.dll bx_usb_xhci.dll'
USBHC_OBJS='usb_uhci.o usb_ohci.o usb_ehci.o usb_xhci.o'
USB_LIB_VAR='iodev/usb/libusb.a'
VERSION='2.6.11'
VER_MAJOR='2'
VER_MINOR='6'
VER_REVISION='11'
VER_SVN='0'
WGET='wget'
WIN32_DLL_IMPORT_LIB=''
WX_CFLAGS=''
WX_CONFIG='not_found'
WX_CXXFLAGS=''
XMKMF=''
X_CFLAGS=''
X_EXTRA_LIBS=''
X_LIBS=''
X_PRE_LIBS=''
YACC=''
ac_ct_CC='gcc'
ac_ct_CXX='g++'
ac_ct_F77=''
bindir='${exec_prefix}/bin'
build='i686-pc-cygwin'
build_alias=''
build_cpu='i686'
build_os='cygwin'
build_vendor='pc'
datadir='${datarootdir}'
datarootdir='${prefix}/share'
docdir='${datarootdir}/doc/${PACKAGE}'
dvidir='${docdir}'
exec_prefix='${prefix}'
host='i686-pc-cygwin'
host_alias=''
host_cpu='i686'
host_os='cygwin'
host_vendor='pc'
htmldir='${docdir}'
includedir='${prefix}/include'
infodir='${datarootdir}/info'
libdir='${exec_prefix}/lib'
libexecdir='${exec_prefix}/libexec'
localedir='${datarootdir}/locale'
localstatedir='${prefix}/var'
mandir='${datarootdir}/man'
oldincludedir='/usr/include'
pdfdir='${docdir}'
prefix='/usr/local'
program_transform_name='s,x,x,'
psdir='${docdir}'
sbindir='${exec_prefix}/sbin'
sharedstatedir='${prefix}/com'
sysconfdir='${prefix}/etc'
target='i586-pc-windows'
target_alias='pentium-windows'
target_cpu='i586'
target_os='windows'
target_vendor='pc'

## ----------- ##
## confdefs.h. ##
## ----------- ##

/* confdefs.h */
#define PACKAGE_NAME ""
#define PACKAGE_TARNAME ""
#define PACKAGE_VERSION ""
#define PACKAGE_STRING ""
#define PACKAGE_BUGREPORT ""
#define PACKAGE_URL ""
#define SIZEOF_UNSIGNED_CHAR 1
#define SIZEOF_UNSIGNED_SHORT 2
#define SIZEOF_UNSIGNED_INT 4
#define SIZEOF_UNSIGNED_LONG 4
#define SIZEOF_UNSIGNED_LONG_LONG 8
#define HAVE_GETENV 1
#define BX_HAVE_GETENV 1
#define HAVE_SETENV 1
#define BX_HAVE_SETENV 1
#define HAVE_SNPRINTF 1
#define BX_HAVE_SNPRINTF 1
#define HAVE_VSNPRINTF 1
#define BX_HAVE_VSNPRINTF 1
#define BX_HAVE_SELECT 1
#define BX_HAVE_SOCKLEN_T 0
#define BX_HAVE_STRTOULL 1
#define BX_HAVE_STRTOUQ 0
#define BX_HAVE_STRDUP 1
#define BX_HAVE_STRREV 1
#define BX_HAVE_STRICMP 1
#define BX_HAVE_STRCASECMP 0
#define BX_HAVE_MKSTEMP 0
#define BX_HAVE_SYS_MMAN_H 0
#define BX_HAVE_GETTIMEOFDAY 0
#define BX_HAVE_USLEEP 0
#define BX_HAVE___BUILTIN_BSWAP32 0
#define BX_HAVE___BUILTIN_BSWAP64 0
#define BX_HAVE_TMPFILE64 0
#define BX_HAVE_FSEEK64 0
#define BX_HAVE_FSEEKO64 0
#define BX_HAVE_SSIZE_T 0
#define BX_HAVE_SETENV 0
#define SIZEOF_INT_P 4
#define HAVE_SLEEP 1
#define BX_HAVE_SLEEP 1
#define HAVE_NANOSLEEP 1
#define BX_HAVE_NANOSLEEP 1
#define HAVE_ABORT 1
#define BX_HAVE_ABORT 1
#define HAVE_TIMELOCAL 1
#define BX_HAVE_TIMELOCAL 1
#define HAVE_GMTIME 1
#define BX_HAVE_GMTIME 1
#define HAVE_MKTIME 1
#define BX_HAVE_MKTIME 1
#define _FILE_OFFSET_BITS 64
#define HAVE_LARGEFILE_SUPPORT 1
#define BX_HAVE_SET 1
#define BX_HAVE_MAP 1
#define BX_USE_IDLE_HACK 0
#define BX_HAVE_DLFCN_H 1
#define HAVE_ASSERT_H 1
#define BX_PLUGINS 0
#define BX_SUPPORT_A20 1
#define BX_SUPPORT_X86_64 1
#define BX_SUPPORT_SMP 0
#define BX_CPU_LEVEL 6
#define BX_PHY_ADDRESS_LONG 1
#define BX_LARGE_RAMFILE 1
#define BX_CONFIGURE_MSRS 1
#define BX_SHOW_IPS 1
#define BX_DEBUGGER 0
#define BX_DISASM 1
#define BX_DEBUGGER_GUI 0
#define BX_GDBSTUB 0
#define BX_SUPPORT_REPEAT_SPEEDUPS 1
#define BX_FAST_FUNC_CALL 1
#define BX_SUPPORT_HANDLERS_CHAINING_SPEEDUPS 1
#define BX_ENABLE_TRACE_LINKING 1
#define BX_INSTRUMENTATION 0
#define BX_NO_LOGGING 0
#define BX_ENABLE_STATISTICS 1
#define BX_ASSERT_ENABLE 0
#define BX_SUPPORT_FPU 1
#define BX_SUPPORT_VMX 2
#define BX_SUPPORT_SVM 0
#define BX_SUPPORT_PKEYS 0
#define BX_SUPPORT_CET 0
#define BX_SUPPORT_3DNOW 0
#define BX_SUPPORT_ALIGNMENT_CHECK 1
#define BX_SUPPORT_MONITOR_MWAIT 1
#define BX_SUPPORT_PERFMON 1
#define BX_SUPPORT_MEMTYPE 0
#define BX_SUPPORT_AVX 0
#define BX_SUPPORT_EVEX 0
#define BX_X86_DEBUGGER 0
#define BX_SUPPORT_PCI 1
#define BX_SUPPORT_PCIDEV 0
#define BX_SUPPORT_USB_UHCI 1
#define BX_SUPPORT_USB_OHCI 1
#define BX_SUPPORT_USB_EHCI 1
#define BX_SUPPORT_USB_XHCI 1
#define BX_SUPPORT_NE2K 1
#define BX_SUPPORT_PCIPNIC 0
#define BX_SUPPORT_E1000 1
#define BX_NETMOD_SLIRP 1
#define BX_NETMOD_SOCKET 1
#define BX_NETMOD_WIN32 1
#define BX_NETWORKING 1
#define USE_RAW_SERIAL 0
#define BX_SUPPORT_CLGD54XX 1
#define BX_SUPPORT_VOODOO 1
#define LOWLEVEL_CDROM cdrom_win32_c
#define BX_SUPPORT_CDROM 1
#define BX_SUPPORT_SB16 1
#define BX_SUPPORT_ES1370 1
#define BX_SUPPORT_SOUNDLOW 1
#define BX_HAVE_SOUND_WIN 1
#define BX_SOUND_LOWLEVEL_NAME "win"
#define BX_SUPPORT_GAMEPORT 1
#define BX_SUPPORT_BUSMOUSE 1
#define BX_WITH_RFB 1
#define BX_WITH_WIN32 1
#define BX_WITH_NOGUI 1
#define BX_USE_TEXTCONFIG 1
#define BX_USE_GUI_CONSOLE 1
#define BX_64BIT_CONSTANTS_USE_LL 0
#define BX_CPP_INLINE __forceinline
#define BX_NO_ATTRIBUTES 1
#define HAVE_LIBREADLINE 0
#define HAVE_READLINE_HISTORY_H 0
#define BX_HAVE_DLFCN_H 0
#define BX_NETMOD_TAP 0

configure: exit 0
